#
# There is insufficient memory for the Java Runtime Environment to continue.
# Native memory allocation (malloc) failed to allocate 103809024 bytes for committing reserved memory.
# Possible reasons:
#   The system is out of physical RAM or swap space
#   In 32 bit mode, the process size limit was hit
# Possible solutions:
#   Reduce memory load on the system
#   Increase physical memory or swap space
#   Check if swap backing store is full
#   Use 64 bit Java on a 64 bit OS
#   Decrease Java heap size (-Xmx/-Xms)
#   Decrease number of Java threads
#   Decrease Java thread stack sizes (-Xss)
#   Set larger code cache with -XX:ReservedCodeCacheSize=
# This output file may be truncated or incomplete.
#
#  Out of Memory Error (os_linux.cpp:2798), pid=21251, tid=140163051063040
#
# JRE version: OpenJDK Runtime Environment (7.0_75-b13) (build 1.7.0_75-b13)
# Java VM: OpenJDK 64-Bit Server VM (24.75-b04 mixed mode linux-amd64 compressed oops)
# Derivative: IcedTea 2.5.4
# Distribution: Ubuntu 14.04 LTS, package 7u75-2.5.4-1~trusty1
# Failed to write core dump. Core dumps have been disabled. To enable core dumping, try "ulimit -c unlimited" before starting Java again
#

---------------  T H R E A D  ---------------

Current thread (0x00007f7a3c076000):  VMThread [stack: 0x00007f7a40ce8000,0x00007f7a40de9000] [id=21258]

Stack: [0x00007f7a40ce8000,0x00007f7a40de9000],  sp=0x00007f7a40de7490,  free space=1021k
Native frames: (J=compiled Java code, j=interpreted, Vv=VM code, C=native code)
V  [libjvm.so+0x94a9d5]  VMError::report_and_die()+0x175
V  [libjvm.so+0x48b954]  report_vm_out_of_memory(char const*, int, unsigned long, char const*)+0x74
V  [libjvm.so+0x7c7b7b]  os::pd_commit_memory(char*, unsigned long, unsigned long, bool)+0xeb
V  [libjvm.so+0x7c263f]  os::commit_memory(char*, unsigned long, unsigned long, bool)+0x1f
V  [libjvm.so+0x834b1b]  PSVirtualSpace::expand_by(unsigned long)+0x5b
V  [libjvm.so+0x835970]  PSYoungGen::resize_generation(unsigned long, unsigned long)+0xb0
V  [libjvm.so+0x83605b]  PSYoungGen::resize(unsigned long, unsigned long)+0x1b
V  [libjvm.so+0x832340]  PSScavenge::invoke_no_policy()+0xde0
V  [libjvm.so+0x832b18]  PSScavenge::invoke()+0x38
V  [libjvm.so+0x7e9203]  ParallelScavengeHeap::failed_mem_allocate(unsigned long)+0x63
V  [libjvm.so+0x94c3d4]  VM_ParallelGCFailedAllocation::doit()+0x84
V  [libjvm.so+0x9508d7]  VM_Operation::evaluate()+0x47
V  [libjvm.so+0x94f248]  VMThread::evaluate_operation(VM_Operation*)+0x318
V  [libjvm.so+0x94f6a9]  VMThread::loop()+0x219
V  [libjvm.so+0x94faf2]  VMThread::run()+0x72
V  [libjvm.so+0x7c4a42]  java_start(Thread*)+0xf2

VM_Operation (0x00007f7a2858e890): ParallelGCFailedAllocation, mode: safepoint, requested by thread 0x00007f7a0000a800


---------------  P R O C E S S  ---------------

Java Threads: ( => current thread )
  0x00007f79ec419800 JavaThread "File lock request listener" [_thread_in_native, id=21278, stack(0x00007f7a281e6000,0x00007f7a282e7000)]
  0x00007f7a0000a800 JavaThread "Daemon worker" [_thread_blocked, id=21270, stack(0x00007f7a28493000,0x00007f7a28594000)]
  0x00007f7a00006800 JavaThread "Cancel handler" [_thread_blocked, id=21269, stack(0x00007f7a28594000,0x00007f7a28695000)]
  0x00007f7a00001800 JavaThread "Handler for socket connection from /127.0.0.1:46096 to /127.0.0.1:51353" [_thread_in_native, id=21268, stack(0x00007f7a28695000,0x00007f7a28796000)]
  0x00007f79fc029800 JavaThread "Daemon" [_thread_blocked, id=21267, stack(0x00007f7a28796000,0x00007f7a28897000)]
  0x00007f7a3c9b5000 JavaThread "Incoming local TCP Connector on port 46096" [_thread_in_native, id=21266, stack(0x00007f7a28897000,0x00007f7a28998000)]
  0x00007f7a3c0ae800 JavaThread "Service Thread" daemon [_thread_blocked, id=21264, stack(0x00007f7a40000000,0x00007f7a40101000)]
  0x00007f7a3c0ac000 JavaThread "C2 CompilerThread1" daemon [_thread_blocked, id=21263, stack(0x00007f7a40101000,0x00007f7a40202000)]
  0x00007f7a3c0a9000 JavaThread "C2 CompilerThread0" daemon [_thread_blocked, id=21262, stack(0x00007f7a40202000,0x00007f7a40303000)]
  0x00007f7a3c0a7000 JavaThread "Signal Dispatcher" daemon [_thread_blocked, id=21261, stack(0x00007f7a40303000,0x00007f7a40404000)]
  0x00007f7a3c07c000 JavaThread "Finalizer" daemon [_thread_blocked, id=21260, stack(0x00007f7a40ae6000,0x00007f7a40be7000)]
  0x00007f7a3c07a000 JavaThread "Reference Handler" daemon [_thread_blocked, id=21259, stack(0x00007f7a40be7000,0x00007f7a40ce8000)]
  0x00007f7a3c00a800 JavaThread "main" [_thread_blocked, id=21253, stack(0x00007f7a45f2d000,0x00007f7a4602e000)]

Other Threads:
=>0x00007f7a3c076000 VMThread [stack: 0x00007f7a40ce8000,0x00007f7a40de9000] [id=21258]
  0x00007f7a3c0b9000 WatcherThread [stack: 0x00007f7a38eff000,0x00007f7a39000000] [id=21265]

VM state:at safepoint (normal execution)

VM Mutex/Monitor currently owned by a thread:  ([mutex/lock_event])
[0x00007f7a3c006a40] Threads_lock - owner thread: 0x00007f7a3c076000
[0x00007f7a3c006f40] Heap_lock - owner thread: 0x00007f7a0000a800

Heap
 PSYoungGen      total 167936K, used 13815K [0x00000000eaa80000, 0x00000000f5f80000, 0x0000000100000000)
  eden space 154112K, 0% used [0x00000000eaa80000,0x00000000eaa80000,0x00000000f4100000)
  from space 13824K, 99% used [0x00000000f4100000,0x00000000f4e7de28,0x00000000f4e80000)
  to   space 10240K, 0% used [0x00000000f4e80000,0x00000000f4e80000,0x00000000f5880000)
 ParOldGen       total 40448K, used 33210K [0x00000000c0000000, 0x00000000c2780000, 0x00000000eaa80000)
  object space 40448K, 82% used [0x00000000c0000000,0x00000000c206e830,0x00000000c2780000)
 PSPermGen       total 39936K, used 39867K [0x00000000b0000000, 0x00000000b2700000, 0x00000000c0000000)
  object space 39936K, 99% used [0x00000000b0000000,0x00000000b26eef30,0x00000000b2700000)

Card table byte_map: [0x00007f7a428eb000,0x00007f7a42b6c000] byte_map_base: 0x00007f7a4236b000

Polling page: 0x00007f7a46049000

Code Cache  [0x00007f7a39000000, 0x00007f7a39410000, 0x00007f7a3c000000)
 total_blobs=1342 nmethods=744 adapters=550 free_code_cache=45505Kb largest_free_block=46111744

Compilation events (10 events):
Event: 131.196 Thread 0x00007f7a3c0a9000  827             java.util.Arrays::fill (21 bytes)
Event: 131.200 Thread 0x00007f7a3c0a9000 nmethod 827 0x00007f7a392a83d0 code [0x00007f7a392a8520, 0x00007f7a392a86d8]
Event: 131.200 Thread 0x00007f7a3c0ac000  828             java.util.Arrays::fill (21 bytes)
Event: 131.203 Thread 0x00007f7a3c0ac000 nmethod 828 0x00007f7a39377090 code [0x00007f7a393771e0, 0x00007f7a393773d8]
Event: 131.203 Thread 0x00007f7a3c0a9000  829             java.util.Arrays::fill (21 bytes)
Event: 131.211 Thread 0x00007f7a3c0a9000 nmethod 829 0x00007f7a39376a10 code [0x00007f7a39376b60, 0x00007f7a39376fb8]
Event: 131.419 Thread 0x00007f7a3c0ac000  830             com.sun.org.apache.xerces.internal.impl.XMLDocumentFragmentScannerImpl::scanDocument (272 bytes)
Event: 131.419 Thread 0x00007f7a3c0a9000  831             com.sun.org.apache.xerces.internal.dom.DeferredDocumentImpl::getChunkIndex (16 bytes)
Event: 131.421 Thread 0x00007f7a3c0a9000 nmethod 831 0x00007f7a39376710 code [0x00007f7a39376860, 0x00007f7a39376918]
Event: 131.425 Thread 0x00007f7a3c0a9000  832             com.sun.org.apache.xerces.internal.parsers.AbstractDOMParser::startElement (876 bytes)

GC Heap History (10 events):
Event: 7.595 GC heap after
Heap after GC invocations=8 (full 0):
 PSYoungGen      total 68096K, used 2840K [0x00000000eaa80000, 0x00000000ef380000, 0x0000000100000000)
  eden space 61440K, 0% used [0x00000000eaa80000,0x00000000eaa80000,0x00000000ee680000)
  from space 6656K, 42% used [0x00000000eed00000,0x00000000eefc60f0,0x00000000ef380000)
  to   space 6656K, 0% used [0x00000000ee680000,0x00000000ee680000,0x00000000eed00000)
 ParOldGen       total 40448K, used 8025K [0x00000000c0000000, 0x00000000c2780000, 0x00000000eaa80000)
  object space 40448K, 19% used [0x00000000c0000000,0x00000000c07d6558,0x00000000c2780000)
 PSPermGen       total 21504K, used 20831K [0x00000000b0000000, 0x00000000b1500000, 0x00000000c0000000)
  object space 21504K, 96% used [0x00000000b0000000,0x00000000b1457fe0,0x00000000b1500000)
}
Event: 7.834 GC heap before
{Heap before GC invocations=9 (full 0):
 PSYoungGen      total 68096K, used 64280K [0x00000000eaa80000, 0x00000000ef380000, 0x0000000100000000)
  eden space 61440K, 100% used [0x00000000eaa80000,0x00000000ee680000,0x00000000ee680000)
  from space 6656K, 42% used [0x00000000eed00000,0x00000000eefc60f0,0x00000000ef380000)
  to   space 6656K, 0% used [0x00000000ee680000,0x00000000ee680000,0x00000000eed00000)
 ParOldGen       total 40448K, used 8025K [0x00000000c0000000, 0x00000000c2780000, 0x00000000eaa80000)
  object space 40448K, 19% used [0x00000000c0000000,0x00000000c07d6558,0x00000000c2780000)
 PSPermGen       total 21504K, used 20839K [0x00000000b0000000, 0x00000000b1500000, 0x00000000c0000000)
  object space 21504K, 96% used [0x00000000b0000000,0x00000000b1459c98,0x00000000b1500000)
Event: 7.840 GC heap after
Heap after GC invocations=9 (full 0):
 PSYoungGen      total 68096K, used 1860K [0x00000000eaa80000, 0x00000000f1880000, 0x0000000100000000)
  eden space 61440K, 0% used [0x00000000eaa80000,0x00000000eaa80000,0x00000000ee680000)
  from space 6656K, 27% used [0x00000000ee680000,0x00000000ee8510e0,0x00000000eed00000)
  to   space 7168K, 0% used [0x00000000f1180000,0x00000000f1180000,0x00000000f1880000)
 ParOldGen       total 40448K, used 9272K [0x00000000c0000000, 0x00000000c2780000, 0x00000000eaa80000)
  object space 40448K, 22% used [0x00000000c0000000,0x00000000c090e0a8,0x00000000c2780000)
 PSPermGen       total 21504K, used 20839K [0x00000000b0000000, 0x00000000b1500000, 0x00000000c0000000)
  object space 21504K, 96% used [0x00000000b0000000,0x00000000b1459c98,0x00000000b1500000)
}
Event: 9.960 GC heap before
{Heap before GC invocations=10 (full 0):
 PSYoungGen      total 68096K, used 63300K [0x00000000eaa80000, 0x00000000f1880000, 0x0000000100000000)
  eden space 61440K, 100% used [0x00000000eaa80000,0x00000000ee680000,0x00000000ee680000)
  from space 6656K, 27% used [0x00000000ee680000,0x00000000ee8510e0,0x00000000eed00000)
  to   space 7168K, 0% used [0x00000000f1180000,0x00000000f1180000,0x00000000f1880000)
 ParOldGen       total 40448K, used 9272K [0x00000000c0000000, 0x00000000c2780000, 0x00000000eaa80000)
  object space 40448K, 22% used [0x00000000c0000000,0x00000000c090e0a8,0x00000000c2780000)
 PSPermGen       total 24064K, used 23635K [0x00000000b0000000, 0x00000000b1780000, 0x00000000c0000000)
  object space 24064K, 98% used [0x00000000b0000000,0x00000000b1714c08,0x00000000b1780000)
Event: 9.977 GC heap after
Heap after GC invocations=10 (full 0):
 PSYoungGen      total 105472K, used 5533K [0x00000000eaa80000, 0x00000000f1880000, 0x0000000100000000)
  eden space 98304K, 0% used [0x00000000eaa80000,0x00000000eaa80000,0x00000000f0a80000)
  from space 7168K, 77% used [0x00000000f1180000,0x00000000f16e7428,0x00000000f1880000)
  to   space 7168K, 0% used [0x00000000f0a80000,0x00000000f0a80000,0x00000000f1180000)
 ParOldGen       total 40448K, used 10811K [0x00000000c0000000, 0x00000000c2780000, 0x00000000eaa80000)
  object space 40448K, 26% used [0x00000000c0000000,0x00000000c0a8edd8,0x00000000c2780000)
 PSPermGen       total 24064K, used 23635K [0x00000000b0000000, 0x00000000b1780000, 0x00000000c0000000)
  object space 24064K, 98% used [0x00000000b0000000,0x00000000b1714c08,0x00000000b1780000)
}
Event: 20.322 GC heap before
{Heap before GC invocations=11 (full 0):
 PSYoungGen      total 105472K, used 103837K [0x00000000eaa80000, 0x00000000f1880000, 0x0000000100000000)
  eden space 98304K, 100% used [0x00000000eaa80000,0x00000000f0a80000,0x00000000f0a80000)
  from space 7168K, 77% used [0x00000000f1180000,0x00000000f16e7428,0x00000000f1880000)
  to   space 7168K, 0% used [0x00000000f0a80000,0x00000000f0a80000,0x00000000f1180000)
 ParOldGen       total 40448K, used 10811K [0x00000000c0000000, 0x00000000c2780000, 0x00000000eaa80000)
  object space 40448K, 26% used [0x00000000c0000000,0x00000000c0a8edd8,0x00000000c2780000)
 PSPermGen       total 31232K, used 30860K [0x00000000b0000000, 0x00000000b1e80000, 0x00000000c0000000)
  object space 31232K, 98% used [0x00000000b0000000,0x00000000b1e23150,0x00000000b1e80000)
Event: 20.348 GC heap after
Heap after GC invocations=11 (full 0):
 PSYoungGen      total 105472K, used 7158K [0x00000000eaa80000, 0x00000000f5880000, 0x0000000100000000)
  eden space 98304K, 0% used [0x00000000eaa80000,0x00000000eaa80000,0x00000000f0a80000)
  from space 7168K, 99% used [0x00000000f0a80000,0x00000000f117dba8,0x00000000f1180000)
  to   space 10240K, 0% used [0x00000000f4e80000,0x00000000f4e80000,0x00000000f5880000)
 ParOldGen       total 40448K, used 16720K [0x00000000c0000000, 0x00000000c2780000, 0x00000000eaa80000)
  object space 40448K, 41% used [0x00000000c0000000,0x00000000c1054360,0x00000000c2780000)
 PSPermGen       total 31232K, used 30860K [0x00000000b0000000, 0x00000000b1e80000, 0x00000000c0000000)
  object space 31232K, 98% used [0x00000000b0000000,0x00000000b1e23150,0x00000000b1e80000)
}
Event: 81.777 GC heap before
{Heap before GC invocations=12 (full 0):
 PSYoungGen      total 105472K, used 105462K [0x00000000eaa80000, 0x00000000f5880000, 0x0000000100000000)
  eden space 98304K, 100% used [0x00000000eaa80000,0x00000000f0a80000,0x00000000f0a80000)
  from space 7168K, 99% used [0x00000000f0a80000,0x00000000f117dba8,0x00000000f1180000)
  to   space 10240K, 0% used [0x00000000f4e80000,0x00000000f4e80000,0x00000000f5880000)
 ParOldGen       total 40448K, used 16720K [0x00000000c0000000, 0x00000000c2780000, 0x00000000eaa80000)
  object space 40448K, 41% used [0x00000000c0000000,0x00000000c1054360,0x00000000c2780000)
 PSPermGen       total 34816K, used 34542K [0x00000000b0000000, 0x00000000b2200000, 0x00000000c0000000)
  object space 34816K, 99% used [0x00000000b0000000,0x00000000b21bbbf8,0x00000000b2200000)
Event: 81.921 GC heap after
Heap after GC invocations=12 (full 0):
 PSYoungGen      total 164352K, used 10237K [0x00000000eaa80000, 0x00000000f5f80000, 0x0000000100000000)
  eden space 154112K, 0% used [0x00000000eaa80000,0x00000000eaa80000,0x00000000f4100000)
  from space 10240K, 99% used [0x00000000f4e80000,0x00000000f587f440,0x00000000f5880000)
  to   space 13824K, 0% used [0x00000000f4100000,0x00000000f4100000,0x00000000f4e80000)
 ParOldGen       total 40448K, used 22175K [0x00000000c0000000, 0x00000000c2780000, 0x00000000eaa80000)
  object space 40448K, 54% used [0x00000000c0000000,0x00000000c15a7d88,0x00000000c2780000)
 PSPermGen       total 34816K, used 34542K [0x00000000b0000000, 0x00000000b2200000, 0x00000000c0000000)
  object space 34816K, 99% used [0x00000000b0000000,0x00000000b21bbbf8,0x00000000b2200000)
}
Event: 131.457 GC heap before
{Heap before GC invocations=13 (full 0):
 PSYoungGen      total 164352K, used 164349K [0x00000000eaa80000, 0x00000000f5f80000, 0x0000000100000000)
  eden space 154112K, 100% used [0x00000000eaa80000,0x00000000f4100000,0x00000000f4100000)
  from space 10240K, 99% used [0x00000000f4e80000,0x00000000f587f440,0x00000000f5880000)
  to   space 13824K, 0% used [0x00000000f4100000,0x00000000f4100000,0x00000000f4e80000)
 ParOldGen       total 40448K, used 22175K [0x00000000c0000000, 0x00000000c2780000, 0x00000000eaa80000)
  object space 40448K, 54% used [0x00000000c0000000,0x00000000c15a7d88,0x00000000c2780000)
 PSPermGen       total 39936K, used 39867K [0x00000000b0000000, 0x00000000b2700000, 0x00000000c0000000)
  object space 39936K, 99% used [0x00000000b0000000,0x00000000b26eef30,0x00000000b2700000)

Deoptimization events (10 events):
Event: 125.455 Thread 0x00007f7a0000a800 Uncommon trap: reason=unloaded action=reinterpret pc=0x00007f7a39266634 method=com.sun.org.apache.xerces.internal.dom.DeferredDocumentImpl.getNodeObject(I)Lcom/sun/org/apache/xerces/internal/dom/DeferredNode; @ 255
Event: 130.988 Thread 0x00007f7a0000a800 Uncommon trap: reason=unreached action=reinterpret pc=0x00007f7a3926778c method=com.sun.org.apache.xerces.internal.dom.DeferredDocumentImpl.getChunkIndex([[III)I @ 3
Event: 130.988 Thread 0x00007f7a0000a800 Uncommon trap: reason=unreached action=reinterpret pc=0x00007f7a3921bd40 method=com.sun.org.apache.xerces.internal.dom.DeferredDocumentImpl.getChunkIndex([[III)I @ 3
Event: 130.997 Thread 0x00007f7a0000a800 Uncommon trap: reason=unreached action=reinterpret pc=0x00007f7a3924940c method=com.sun.org.apache.xerces.internal.dom.DeferredDocumentImpl.getChunkIndex([[III)I @ 3
Event: 131.200 Thread 0x00007f7a0000a800 Uncommon trap: reason=predicate action=maybe_recompile pc=0x00007f7a392a869c method=java.util.Arrays.fill([Ljava/lang/Object;Ljava/lang/Object;)V @ 10
Event: 131.203 Thread 0x00007f7a0000a800 Uncommon trap: reason=array_check action=maybe_recompile pc=0x00007f7a393773a4 method=java.util.Arrays.fill([Ljava/lang/Object;Ljava/lang/Object;)V @ 13
Event: 131.203 Thread 0x00007f7a0000a800 Uncommon trap: reason=array_check action=maybe_recompile pc=0x00007f7a393773a4 method=java.util.Arrays.fill([Ljava/lang/Object;Ljava/lang/Object;)V @ 13
Event: 131.203 Thread 0x00007f7a0000a800 Uncommon trap: reason=array_check action=maybe_recompile pc=0x00007f7a393773a4 method=java.util.Arrays.fill([Ljava/lang/Object;Ljava/lang/Object;)V @ 13
Event: 131.203 Thread 0x00007f7a0000a800 Uncommon trap: reason=array_check action=maybe_recompile pc=0x00007f7a393773a4 method=java.util.Arrays.fill([Ljava/lang/Object;Ljava/lang/Object;)V @ 13
Event: 131.419 Thread 0x00007f7a0000a800 Uncommon trap: reason=unreached action=reinterpret pc=0x00007f7a39309568 method=com.sun.org.apache.xerces.internal.util.NamespaceSupport.getURI(Ljava/lang/String;)Ljava/lang/String; @ 18

Internal exceptions (10 events):
Event: 131.407 Thread 0x00007f7a0000a800 Threw 0x00000000f4075198 at /build/buildd/openjdk-7-7u75-2.5.4/build/openjdk/hotspot/src/share/vm/prims/jvm.cpp:1284
Event: 131.408 Thread 0x00007f7a0000a800 Threw 0x00000000f407c9b8 at /build/buildd/openjdk-7-7u75-2.5.4/build/openjdk/hotspot/src/share/vm/prims/jvm.cpp:1284
Event: 131.409 Thread 0x00007f7a0000a800 Threw 0x00000000f4083050 at /build/buildd/openjdk-7-7u75-2.5.4/build/openjdk/hotspot/src/share/vm/prims/jvm.cpp:1284
Event: 131.410 Thread 0x00007f7a0000a800 Threw 0x00000000f408b200 at /build/buildd/openjdk-7-7u75-2.5.4/build/openjdk/hotspot/src/share/vm/prims/jvm.cpp:1284
Event: 131.410 Thread 0x00007f7a0000a800 Threw 0x00000000f4091b88 at /build/buildd/openjdk-7-7u75-2.5.4/build/openjdk/hotspot/src/share/vm/prims/jvm.cpp:1284
Event: 131.411 Thread 0x00007f7a0000a800 Threw 0x00000000f4099858 at /build/buildd/openjdk-7-7u75-2.5.4/build/openjdk/hotspot/src/share/vm/prims/jvm.cpp:1284
Event: 131.413 Thread 0x00007f7a0000a800 Threw 0x00000000f40a43a0 at /build/buildd/openjdk-7-7u75-2.5.4/build/openjdk/hotspot/src/share/vm/prims/jvm.cpp:1284
Event: 131.414 Thread 0x00007f7a0000a800 Threw 0x00000000f40aaf00 at /build/buildd/openjdk-7-7u75-2.5.4/build/openjdk/hotspot/src/share/vm/prims/jvm.cpp:1284
Event: 131.415 Thread 0x00007f7a0000a800 Threw 0x00000000f40b1a30 at /build/buildd/openjdk-7-7u75-2.5.4/build/openjdk/hotspot/src/share/vm/prims/jvm.cpp:1284
Event: 131.416 Thread 0x00007f7a0000a800 Threw 0x00000000f40b9dc8 at /build/buildd/openjdk-7-7u75-2.5.4/build/openjdk/hotspot/src/share/vm/prims/jvm.cpp:1284

Events (10 events):
Event: 131.414 loading class 0x00007f79ec8d93d0
Event: 131.414 loading class 0x00007f79ec8d93d0 done
Event: 131.415 loading class 0x00007f79ec8d9430
Event: 131.415 loading class 0x00007f79ec8d9430 done
Event: 131.415 loading class 0x00007f79ec8d9490
Event: 131.415 loading class 0x00007f79ec8d9490 done
Event: 131.419 Thread 0x00007f7a0000a800 Uncommon trap: trap_request=0xffffffad fr.pc=0x00007f7a39309568
Event: 131.419 Thread 0x00007f7a0000a800 DEOPT PACKING pc=0x00007f7a39309568 sp=0x00007f7a2858e470
Event: 131.419 Thread 0x00007f7a0000a800 DEOPT UNPACKING pc=0x00007f7a39039445 sp=0x00007f7a2858e438 mode 2
Event: 131.427 Executing VM operation: ParallelGCFailedAllocation


Dynamic libraries:
00400000-00401000 r-xp 00000000 08:01 403858                             /usr/lib/jvm/java-7-openjdk-amd64/jre/bin/java
00600000-00601000 r--p 00000000 08:01 403858                             /usr/lib/jvm/java-7-openjdk-amd64/jre/bin/java
00601000-00602000 rw-p 00001000 08:01 403858                             /usr/lib/jvm/java-7-openjdk-amd64/jre/bin/java
00f88000-00fa9000 rw-p 00000000 00:00 0                                  [heap]
b0000000-b2700000 rw-p 00000000 00:00 0 
b2700000-c0000000 rw-p 00000000 00:00 0 
c0000000-c2780000 rw-p 00000000 00:00 0 
c2780000-eaa80000 rw-p 00000000 00:00 0 
eaa80000-f5f80000 rw-p 00000000 00:00 0 
fc280000-100000000 rw-p 00000000 00:00 0 
7f79e4000000-7f79e4021000 rw-p 00000000 00:00 0 
7f79e4021000-7f79e8000000 ---p 00000000 00:00 0 
7f79e8000000-7f79e8021000 rw-p 00000000 00:00 0 
7f79e8021000-7f79ec000000 ---p 00000000 00:00 0 
7f79ec000000-7f79ecaa2000 rw-p 00000000 00:00 0 
7f79ecaa2000-7f79f0000000 ---p 00000000 00:00 0 
7f79f0000000-7f79f0021000 rw-p 00000000 00:00 0 
7f79f0021000-7f79f4000000 ---p 00000000 00:00 0 
7f79f4000000-7f79f4021000 rw-p 00000000 00:00 0 
7f79f4021000-7f79f8000000 ---p 00000000 00:00 0 
7f79f8000000-7f79f8021000 rw-p 00000000 00:00 0 
7f79f8021000-7f79fc000000 ---p 00000000 00:00 0 
7f79fc000000-7f79fc02e000 rw-p 00000000 00:00 0 
7f79fc02e000-7f7a00000000 ---p 00000000 00:00 0 
7f7a00000000-7f7a00021000 rw-p 00000000 00:00 0 
7f7a00021000-7f7a04000000 ---p 00000000 00:00 0 
7f7a04000000-7f7a04021000 rw-p 00000000 00:00 0 
7f7a04021000-7f7a08000000 ---p 00000000 00:00 0 
7f7a08000000-7f7a08021000 rw-p 00000000 00:00 0 
7f7a08021000-7f7a0c000000 ---p 00000000 00:00 0 
7f7a0c000000-7f7a0d9f9000 rw-p 00000000 00:00 0 
7f7a0d9f9000-7f7a10000000 ---p 00000000 00:00 0 
7f7a10000000-7f7a117d2000 rw-p 00000000 00:00 0 
7f7a117d2000-7f7a14000000 ---p 00000000 00:00 0 
7f7a14000000-7f7a14021000 rw-p 00000000 00:00 0 
7f7a14021000-7f7a18000000 ---p 00000000 00:00 0 
7f7a18000000-7f7a18021000 rw-p 00000000 00:00 0 
7f7a18021000-7f7a1c000000 ---p 00000000 00:00 0 
7f7a1c000000-7f7a1c248000 rw-p 00000000 00:00 0 
7f7a1c248000-7f7a20000000 ---p 00000000 00:00 0 
7f7a20000000-7f7a20021000 rw-p 00000000 00:00 0 
7f7a20021000-7f7a24000000 ---p 00000000 00:00 0 
7f7a24000000-7f7a24021000 rw-p 00000000 00:00 0 
7f7a24021000-7f7a28000000 ---p 00000000 00:00 0 
7f7a280e7000-7f7a280e8000 rw-p 00000000 00:00 0 
7f7a280e8000-7f7a280ea000 r--s 0000d000 08:01 1582034                    /home/susee/android-studio/gradle/m2repository/commons-codec/commons-codec/1.4/commons-codec-1.4.jar
7f7a280ea000-7f7a280ec000 r--s 0000d000 08:01 1455295                    /home/susee/android-studio/gradle/m2repository/commons-logging/commons-logging/1.1.1/commons-logging-1.1.1.jar
7f7a280ec000-7f7a280f1000 r--s 00028000 08:01 1575057                    /home/susee/android-studio/gradle/m2repository/org/apache/httpcomponents/httpcore/4.1/httpcore-4.1.jar
7f7a280f1000-7f7a280f3000 r--s 00004000 08:01 1575133                    /home/susee/android-studio/gradle/m2repository/org/ow2/asm/asm-tree/4.0/asm-tree-4.0.jar
7f7a280f3000-7f7a280fc000 r--s 000a7000 08:01 1575186                    /home/susee/android-studio/gradle/m2repository/com/android/tools/external/lombok/lombok-ast/0.2.2/lombok-ast-0.2.2.jar
7f7a280fc000-7f7a280fe000 r--s 0000a000 08:01 1575130                    /home/susee/android-studio/gradle/m2repository/org/ow2/asm/asm/4.0/asm-4.0.jar
7f7a280fe000-7f7a280ff000 r--s 0000a000 08:01 1582030                    /home/susee/android-studio/gradle/m2repository/net/sf/kxml/kxml2/2.3.0/kxml2-2.3.0.jar
7f7a280ff000-7f7a2812a000 r--s 001f9000 08:01 1575157                    /home/susee/android-studio/gradle/m2repository/com/google/guava/guava/17.0/guava-17.0.jar
7f7a2812a000-7f7a28131000 r--s 00053000 08:01 1575085                    /home/susee/android-studio/gradle/m2repository/org/apache/commons/commons-compress/1.8.1/commons-compress-1.8.1.jar
7f7a28131000-7f7a28134000 r--s 00011000 08:01 1575191                    /home/susee/android-studio/gradle/m2repository/com/android/tools/layoutlib/layoutlib-api/24.0.0/layoutlib-api-24.0.0.jar
7f7a28134000-7f7a28136000 r--s 00005000 08:01 1575043                    /home/susee/android-studio/gradle/m2repository/org/apache/httpcomponents/httpmime/4.1/httpmime-4.1.jar
7f7a28136000-7f7a2813e000 r--s 0004e000 08:01 1575075                    /home/susee/android-studio/gradle/m2repository/org/apache/httpcomponents/httpclient/4.1.1/httpclient-4.1.1.jar
7f7a2813e000-7f7a2813f000 r--s 00005000 08:01 1575202                    /home/susee/android-studio/gradle/m2repository/com/android/tools/dvlib/24.0.0/dvlib-24.0.0.jar
7f7a2813f000-7f7a28140000 r--s 00004000 08:01 1575122                    /home/susee/android-studio/gradle/m2repository/org/ow2/asm/asm-analysis/4.0/asm-analysis-4.0.jar
7f7a28140000-7f7a28143000 r--s 00029000 08:01 1575178                    /home/susee/android-studio/gradle/m2repository/com/android/tools/lint/lint-api/24.0.0/lint-api-24.0.0.jar
7f7a28143000-7f7a28153000 r--s 000d3000 08:01 1582012                    /home/susee/android-studio/gradle/m2repository/net/sf/proguard/proguard-base/5.1/proguard-base-5.1.jar
7f7a28153000-7f7a28161000 r--s 00081000 08:01 1575103                    /home/susee/android-studio/gradle/m2repository/org/bouncycastle/bcpkix-jdk15on/1.48/bcpkix-jdk15on-1.48.jar
7f7a28161000-7f7a28163000 r--s 00003000 08:01 1575222                    /home/susee/android-studio/gradle/m2repository/com/android/tools/build/builder-model/1.0.0/builder-model-1.0.0.jar
7f7a28163000-7f7a28166000 r--s 00029000 08:01 1575239                    /home/susee/android-studio/gradle/m2repository/com/android/tools/build/manifest-merger/24.0.0/manifest-merger-24.0.0.jar
7f7a28166000-7f7a2816b000 r--s 00042000 08:01 1575212                    /home/susee/android-studio/gradle/m2repository/com/android/tools/ddms/ddmlib/24.0.0/ddmlib-24.0.0.jar
7f7a2816b000-7f7a2816c000 r--s 00000000 08:01 1575229                    /home/susee/android-studio/gradle/m2repository/com/android/tools/build/builder-test-api/1.0.0/builder-test-api-1.0.0.jar
7f7a2816c000-7f7a2816e000 r--s 00002000 08:01 1575147                    /home/susee/android-studio/gradle/m2repository/com/squareup/javawriter/2.5.0/javawriter-2.5.0.jar
7f7a2816e000-7f7a28170000 r--s 00014000 08:01 1575205                    /home/susee/android-studio/gradle/m2repository/com/android/tools/common/24.0.0/common-24.0.0.jar
7f7a28170000-7f7a2817a000 r--s 000a8000 08:01 1575242                    /home/susee/android-studio/gradle/m2repository/com/android/tools/sdklib/24.0.0/sdklib-24.0.0.jar
7f7a2817a000-7f7a281ad000 r--s 00203000 08:01 1575109                    /home/susee/android-studio/gradle/m2repository/org/bouncycastle/bcprov-jdk15on/1.48/bcprov-jdk15on-1.48.jar
7f7a281ad000-7f7a281b2000 r--s 00047000 08:01 1575195                    /home/susee/android-studio/gradle/m2repository/com/android/tools/sdk-common/24.0.0/sdk-common-24.0.0.jar
7f7a281b2000-7f7a281b7000 r--s 0008c000 08:01 1575173                    /home/susee/android-studio/gradle/m2repository/com/android/tools/lint/lint-checks/24.0.0/lint-checks-24.0.0.jar
7f7a281b7000-7f7a281c6000 r--s 001a9000 08:01 1455308                    /home/susee/android-studio/gradle/m2repository/org/eclipse/jdt/core/compiler/ecj/4.2.2/ecj-4.2.2.jar
7f7a281c6000-7f7a281c7000 r--s 00002000 08:01 1582017                    /home/susee/android-studio/gradle/m2repository/net/sf/proguard/proguard-gradle/5.1/proguard-gradle-5.1.jar
7f7a281c7000-7f7a281cb000 r--s 00031000 08:01 1575219                    /home/susee/android-studio/gradle/m2repository/com/android/tools/build/builder/1.0.0/builder-1.0.0.jar
7f7a281cb000-7f7a281cd000 r--s 00018000 08:01 1575168                    /home/susee/android-studio/gradle/m2repository/com/android/tools/lint/lint/24.0.0/lint-24.0.0.jar
7f7a281cd000-7f7a281dd000 r--s 00138000 08:01 1575234                    /home/susee/android-studio/gradle/m2repository/com/android/tools/build/gradle/1.0.0/gradle-1.0.0.jar
7f7a281dd000-7f7a281e6000 r--s 000b9000 08:01 403794                     /usr/lib/jvm/java-7-openjdk-amd64/jre/lib/resources.jar
7f7a281e6000-7f7a281e9000 ---p 00000000 00:00 0 
7f7a281e9000-7f7a282e7000 rw-p 00000000 00:00 0                          [stack:21278]
7f7a282e7000-7f7a282ea000 ---p 00000000 00:00 0 
7f7a282ea000-7f7a28320000 rw-p 00000000 00:00 0 
7f7a28320000-7f7a28321000 r--p 00000000 00:00 0 
7f7a28321000-7f7a2838b000 r--s 0069e000 08:01 404096                     /usr/lib/jvm/java-7-openjdk-amd64/lib/tools.jar
7f7a2838b000-7f7a2838e000 ---p 00000000 00:00 0 
7f7a2838e000-7f7a2848c000 rw-p 00000000 00:00 0 
7f7a2848c000-7f7a28493000 r--s 00000000 08:01 661979                     /usr/lib/x86_64-linux-gnu/gconv/gconv-modules.cache
7f7a28493000-7f7a28496000 ---p 00000000 00:00 0 
7f7a28496000-7f7a28594000 rw-p 00000000 00:00 0                          [stack:21270]
7f7a28594000-7f7a28597000 ---p 00000000 00:00 0 
7f7a28597000-7f7a28695000 rw-p 00000000 00:00 0                          [stack:21269]
7f7a28695000-7f7a28698000 ---p 00000000 00:00 0 
7f7a28698000-7f7a28796000 rw-p 00000000 00:00 0                          [stack:21268]
7f7a28796000-7f7a28799000 ---p 00000000 00:00 0 
7f7a28799000-7f7a28897000 rw-p 00000000 00:00 0                          [stack:21267]
7f7a28897000-7f7a2889a000 ---p 00000000 00:00 0 
7f7a2889a000-7f7a28998000 rw-p 00000000 00:00 0                          [stack:21266]
7f7a28998000-7f7a2899c000 r-xp 00000000 08:01 4595917                    /tmp/native-platform3976110720829063139dir/libnative-platform.so
7f7a2899c000-7f7a28b9b000 ---p 00004000 08:01 4595917                    /tmp/native-platform3976110720829063139dir/libnative-platform.so
7f7a28b9b000-7f7a28b9c000 rw-p 00003000 08:01 4595917                    /tmp/native-platform3976110720829063139dir/libnative-platform.so
7f7a28b9c000-7f7a28ba0000 r--s 0004d000 08:01 403811                     /usr/lib/jvm/java-7-openjdk-amd64/jre/lib/jsse.jar
7f7a28ba0000-7f7a28ba1000 r--s 00001000 08:01 2370325                    /home/susee/.gradle/wrapper/dists/gradle-2.2.1-all/c64ydeuardnfqctvr1gm30w53/gradle-2.2.1/lib/plugins/gradle-plugin-development-2.2.1.jar
7f7a28ba1000-7f7a28ba3000 r--s 00002000 08:01 2370324                    /home/susee/.gradle/wrapper/dists/gradle-2.2.1-all/c64ydeuardnfqctvr1gm30w53/gradle-2.2.1/lib/plugins/gradle-cunit-2.2.1.jar
7f7a28ba3000-7f7a28ba8000 r--s 00036000 08:01 2370323                    /home/susee/.gradle/wrapper/dists/gradle-2.2.1-all/c64ydeuardnfqctvr1gm30w53/gradle-2.2.1/lib/plugins/gradle-ide-native-2.2.1.jar
7f7a28ba8000-7f7a28bad000 r--s 00013000 08:01 2370322                    /home/susee/.gradle/wrapper/dists/gradle-2.2.1-all/c64ydeuardnfqctvr1gm30w53/gradle-2.2.1/lib/plugins/gradle-language-native-2.2.1.jar
7f7a28bad000-7f7a28bb8000 r--s 0004d000 08:01 2370321                    /home/susee/.gradle/wrapper/dists/gradle-2.2.1-all/c64ydeuardnfqctvr1gm30w53/gradle-2.2.1/lib/plugins/gradle-platform-native-2.2.1.jar
7f7a28bb8000-7f7a28bba000 r--s 00008000 08:01 2370320                    /home/susee/.gradle/wrapper/dists/gradle-2.2.1-all/c64ydeuardnfqctvr1gm30w53/gradle-2.2.1/lib/plugins/gradle-language-groovy-2.2.1.jar
7f7a28bba000-7f7a28bbf000 r--s 00022000 08:01 2370319                    /home/susee/.gradle/wrapper/dists/gradle-2.2.1-all/c64ydeuardnfqctvr1gm30w53/gradle-2.2.1/lib/plugins/gradle-language-java-2.2.1.jar
7f7a28bbf000-7f7a28bc2000 r--s 00007000 08:01 2370318                    /home/susee/.gradle/wrapper/dists/gradle-2.2.1-all/c64ydeuardnfqctvr1gm30w53/gradle-2.2.1/lib/plugins/gradle-language-jvm-2.2.1.jar
7f7a28bc2000-7f7a28bc5000 r--s 00009000 08:01 2370317                    /home/susee/.gradle/wrapper/dists/gradle-2.2.1-all/c64ydeuardnfqctvr1gm30w53/gradle-2.2.1/lib/plugins/gradle-platform-jvm-2.2.1.jar
7f7a28bc5000-7f7a28bca000 r--s 00018000 08:01 2370316                    /home/susee/.gradle/wrapper/dists/gradle-2.2.1-all/c64ydeuardnfqctvr1gm30w53/gradle-2.2.1/lib/plugins/gradle-platform-base-2.2.1.jar
7f7a28bca000-7f7a28bcf000 r--s 00026000 08:01 2370315                    /home/susee/.gradle/wrapper/dists/gradle-2.2.1-all/c64ydeuardnfqctvr1gm30w53/gradle-2.2.1/lib/plugins/gradle-build-init-2.2.1.jar
7f7a28bcf000-7f7a28bd2000 r--s 0001d000 08:01 2370314                    /home/susee/.gradle/wrapper/dists/gradle-2.2.1-all/c64ydeuardnfqctvr1gm30w53/gradle-2.2.1/lib/plugins/gradle-jacoco-2.2.1.jar
7f7a28bd2000-7f7a28bd5000 r--s 0000d000 08:01 2370313                    /home/susee/.gradle/wrapper/dists/gradle-2.2.1-all/c64ydeuardnfqctvr1gm30w53/gradle-2.2.1/lib/plugins/gradle-ivy-2.2.1.jar
7f7a28bd5000-7f7a28bd7000 r--s 00002000 08:01 2370312                    /home/susee/.gradle/wrapper/dists/gradle-2.2.1-all/c64ydeuardnfqctvr1gm30w53/gradle-2.2.1/lib/plugins/gradle-publish-2.2.1.jar
7f7a28bd7000-7f7a28bd9000 r--s 00005000 08:01 2370350                    /home/susee/.gradle/wrapper/dists/gradle-2.2.1-all/c64ydeuardnfqctvr1gm30w53/gradle-2.2.1/lib/plugins/jatl-0.2.2.jar
7f7a28bd9000-7f7a28bdb000 r--s 0000f000 08:01 2370311                    /home/susee/.gradle/wrapper/dists/gradle-2.2.1-all/c64ydeuardnfqctvr1gm30w53/gradle-2.2.1/lib/plugins/gradle-reporting-2.2.1.jar
7f7a28bdb000-7f7a28be0000 r--s 00034000 08:01 2370310                    /home/susee/.gradle/wrapper/dists/gradle-2.2.1-all/c64ydeuardnfqctvr1gm30w53/gradle-2.2.1/lib/plugins/gradle-diagnostics-2.2.1.jar
7f7a28be0000-7f7a28be7000 r--s 00090000 08:01 2370309                    /home/susee/.gradle/wrapper/dists/gradle-2.2.1-all/c64ydeuardnfqctvr1gm30w53/gradle-2.2.1/lib/plugins/gradle-build-comparison-2.2.1.jar
7f7a28be7000-7f7a28bee000 r--s 00035000 08:01 2370349                    /home/susee/.gradle/wrapper/dists/gradle-2.2.1-all/c64ydeuardnfqctvr1gm30w53/gradle-2.2.1/lib/plugins/simple-4.1.21.jar
7f7a28bee000-7f7a28bfa000 r--s 00100000 08:01 2370347                    /home/susee/.gradle/wrapper/dists/gradle-2.2.1-all/c64ydeuardnfqctvr1gm30w53/gradle-2.2.1/lib/plugins/rhino-1.7R3.jar
7f7a28bfa000-7f7a28bff000 r--s 0001f000 08:01 2370308                    /home/susee/.gradle/wrapper/dists/gradle-2.2.1-all/c64ydeuardnfqctvr1gm30w53/gradle-2.2.1/lib/plugins/gradle-javascript-2.2.1.jar
7f7a28bff000-7f7a28c01000 r--s 0000e000 08:01 2370307                    /home/susee/.gradle/wrapper/dists/gradle-2.2.1-all/c64ydeuardnfqctvr1gm30w53/gradle-2.2.1/lib/plugins/gradle-ear-2.2.1.jar
7f7a28c01000-7f7a28c05000 r--s 00025000 08:01 2370346                    /home/susee/.gradle/wrapper/dists/gradle-2.2.1-all/c64ydeuardnfqctvr1gm30w53/gradle-2.2.1/lib/plugins/bcpg-jdk15-1.46.jar
7f7a28c05000-7f7a28c08000 r--s 0001d000 08:01 2370306                    /home/susee/.gradle/wrapper/dists/gradle-2.2.1-all/c64ydeuardnfqctvr1gm30w53/gradle-2.2.1/lib/plugins/gradle-signing-2.2.1.jar
7f7a28c08000-7f7a28c09000 r--s 00002000 08:01 2370345                    /home/susee/.gradle/wrapper/dists/gradle-2.2.1-all/c64ydeuardnfqctvr1gm30w53/gradle-2.2.1/lib/plugins/sonar-batch-bootstrapper-2.9.jar
7f7a28c09000-7f7a28c0c000 r--s 00018000 08:01 2370305                    /home/susee/.gradle/wrapper/dists/gradle-2.2.1-all/c64ydeuardnfqctvr1gm30w53/gradle-2.2.1/lib/plugins/gradle-sonar-2.2.1.jar
7f7a28c0c000-7f7a28c0f000 r--s 00017000 08:01 2370304                    /home/susee/.gradle/wrapper/dists/gradle-2.2.1-all/c64ydeuardnfqctvr1gm30w53/gradle-2.2.1/lib/plugins/gradle-scala-2.2.1.jar
7f7a28c0f000-7f7a28c11000 r--s 0000e000 08:01 2370303                    /home/susee/.gradle/wrapper/dists/gradle-2.2.1-all/c64ydeuardnfqctvr1gm30w53/gradle-2.2.1/lib/plugins/gradle-announce-2.2.1.jar
7f7a28c11000-7f7a28c1f000 r--s 000bc000 08:01 2370302                    /home/susee/.gradle/wrapper/dists/gradle-2.2.1-all/c64ydeuardnfqctvr1gm30w53/gradle-2.2.1/lib/plugins/gradle-ide-2.2.1.jar
7f7a28c1f000-7f7a28c21000 r--s 00000000 08:01 2370344                    /home/susee/.gradle/wrapper/dists/gradle-2.2.1-all/c64ydeuardnfqctvr1gm30w53/gradle-2.2.1/lib/plugins/plexus-component-annotations-1.5.2.jar
7f7a28c21000-7f7a28c24000 r--s 0000c000 08:01 2370343                    /home/susee/.gradle/wrapper/dists/gradle-2.2.1-all/c64ydeuardnfqctvr1gm30w53/gradle-2.2.1/lib/plugins/pmaven-groovy-0.8-20100325.jar
7f7a28c24000-7f7a28c25000 r--s 00004000 08:01 2370342                    /home/susee/.gradle/wrapper/dists/gradle-2.2.1-all/c64ydeuardnfqctvr1gm30w53/gradle-2.2.1/lib/plugins/pmaven-common-0.8-20100325.jar
7f7a28c25000-7f7a28c29000 r--s 0001e000 08:01 2370301                    /home/susee/.gradle/wrapper/dists/gradle-2.2.1-all/c64ydeuardnfqctvr1gm30w53/gradle-2.2.1/lib/plugins/gradle-maven-2.2.1.jar
7f7a28c29000-7f7a28c41000 r--s 0013b000 08:01 2370340                    /home/susee/.gradle/wrapper/dists/gradle-2.2.1-all/c64ydeuardnfqctvr1gm30w53/gradle-2.2.1/lib/plugins/bndlib-2.1.0.jar
7f7a28c41000-7f7a28c43000 r--s 00004000 08:01 2370300                    /home/susee/.gradle/wrapper/dists/gradle-2.2.1-all/c64ydeuardnfqctvr1gm30w53/gradle-2.2.1/lib/plugins/gradle-osgi-2.2.1.jar
7f7a28c43000-7f7a28c48000 r--s 00068000 08:01 2370339                    /home/susee/.gradle/wrapper/dists/gradle-2.2.1-all/c64ydeuardnfqctvr1gm30w53/gradle-2.2.1/lib/plugins/antlr-2.7.7.jar
7f7a28c48000-7f7a28c49000 r--s 00002000 08:01 2370338                    /home/susee/.gradle/wrapper/dists/gradle-2.2.1-all/c64ydeuardnfqctvr1gm30w53/gradle-2.2.1/lib/plugins/ant-antlr-1.9.3.jar
7f7a28c49000-7f7a28c4b000 r--s 00004000 08:01 2370299                    /home/susee/.gradle/wrapper/dists/gradle-2.2.1-all/c64ydeuardnfqctvr1gm30w53/gradle-2.2.1/lib/plugins/gradle-antlr-2.2.1.jar
7f7a28c4b000-7f7a28c4e000 r--s 0001e000 08:01 2370361                    /home/susee/.gradle/wrapper/dists/gradle-2.2.1-all/c64ydeuardnfqctvr1gm30w53/gradle-2.2.1/lib/plugins/jsp-api-2.1-6.1.14.jar
7f7a28c4e000-7f7a28c71000 r--s 00344000 08:01 2370360                    /home/susee/.gradle/wrapper/dists/gradle-2.2.1-all/c64ydeuardnfqctvr1gm30w53/gradle-2.2.1/lib/plugins/core-3.1.1.jar
7f7a28c71000-7f7a28c72000 r--s 00006000 08:01 2370359                    /home/susee/.gradle/wrapper/dists/gradle-2.2.1-all/c64ydeuardnfqctvr1gm30w53/gradle-2.2.1/lib/plugins/jetty-naming-6.1.25.jar
7f7a28c72000-7f7a28c73000 r--s 00002000 08:01 2370337                    /home/susee/.gradle/wrapper/dists/gradle-2.2.1-all/c64ydeuardnfqctvr1gm30w53/gradle-2.2.1/lib/plugins/geronimo-annotation_1.0_spec-1.0.jar
7f7a28c73000-7f7a28c75000 r--s 00002000 08:01 2370336                    /home/susee/.gradle/wrapper/dists/gradle-2.2.1-all/c64ydeuardnfqctvr1gm30w53/gradle-2.2.1/lib/plugins/jetty-annotations-6.1.25.jar
7f7a28c75000-7f7a28c86000 r--s 000ea000 08:01 2370335                    /home/susee/.gradle/wrapper/dists/gradle-2.2.1-all/c64ydeuardnfqctvr1gm30w53/gradle-2.2.1/lib/plugins/jsp-2.1-6.1.14.jar
7f7a28c86000-7f7a28c88000 r--s 0000d000 08:01 2370334                    /home/susee/.gradle/wrapper/dists/gradle-2.2.1-all/c64ydeuardnfqctvr1gm30w53/gradle-2.2.1/lib/plugins/jetty-plus-6.1.25.jar
7f7a28c88000-7f7a28c8a000 r--s 0001f000 08:01 2370333                    /home/susee/.gradle/wrapper/dists/gradle-2.2.1-all/c64ydeuardnfqctvr1gm30w53/gradle-2.2.1/lib/plugins/servlet-api-2.5-20081211.jar
7f7a28c8a000-7f7a28c8e000 r--s 00028000 08:01 2370332                    /home/susee/.gradle/wrapper/dists/gradle-2.2.1-all/c64ydeuardnfqctvr1gm30w53/gradle-2.2.1/lib/plugins/jetty-util-6.1.25.jar
7f7a28c8e000-7f7a28c95000 r--s 0007d000 08:01 2370331                    /home/susee/.gradle/wrapper/dists/gradle-2.2.1-all/c64ydeuardnfqctvr1gm30w53/gradle-2.2.1/lib/plugins/jetty-6.1.25.jar
7f7a28c95000-7f7a28c97000 r--s 00009000 08:01 2370298                    /home/susee/.gradle/wrapper/dists/gradle-2.2.1-all/c64ydeuardnfqctvr1gm30w53/gradle-2.2.1/lib/plugins/gradle-jetty-2.2.1.jar
7f7a28c97000-7f7a28c9c000 r--s 00041000 08:01 2370297                    /home/susee/.gradle/wrapper/dists/gradle-2.2.1-all/c64ydeuardnfqctvr1gm30w53/gradle-2.2.1/lib/plugins/gradle-code-quality-2.2.1.jar
7f7a28c9c000-7f7a28c9e000 r--s 00009000 08:01 2370369                    /home/susee/.gradle/wrapper/dists/gradle-2.2.1-all/c64ydeuardnfqctvr1gm30w53/gradle-2.2.1/lib/plugins/hamcrest-core-1.3.jar
7f7a28c9e000-7f7a28ca4000 r--s 00033000 08:01 2370358                    /home/susee/.gradle/wrapper/dists/gradle-2.2.1-all/c64ydeuardnfqctvr1gm30w53/gradle-2.2.1/lib/plugins/snakeyaml-1.6.jar
7f7a28ca4000-7f7a28ca6000 r--s 00006000 08:01 2370357                    /home/susee/.gradle/wrapper/dists/gradle-2.2.1-all/c64ydeuardnfqctvr1gm30w53/gradle-2.2.1/lib/plugins/jcommander-1.12.jar
7f7a28ca6000-7f7a28cab000 r--s 00040000 08:01 2370356                    /home/susee/.gradle/wrapper/dists/gradle-2.2.1-all/c64ydeuardnfqctvr1gm30w53/gradle-2.2.1/lib/plugins/bsh-2.0b4.jar
7f7a28cab000-7f7a28cad000 r--s 00009000 08:01 2370330                    /home/susee/.gradle/wrapper/dists/gradle-2.2.1-all/c64ydeuardnfqctvr1gm30w53/gradle-2.2.1/lib/plugins/commons-cli-1.2.jar
7f7a28cad000-7f7a28cb6000 r--s 00089000 08:01 2370329                    /home/susee/.gradle/wrapper/dists/gradle-2.2.1-all/c64ydeuardnfqctvr1gm30w53/gradle-2.2.1/lib/plugins/testng-6.3.1.jar
7f7a28cb6000-7f7a28cbc000 r--s 00036000 08:01 2370328                    /home/susee/.gradle/wrapper/dists/gradle-2.2.1-all/c64ydeuardnfqctvr1gm30w53/gradle-2.2.1/lib/plugins/junit-4.11.jar
7f7a28cbc000-7f7a28cc8000 r--s 00075000 08:01 2370296                    /home/susee/.gradle/wrapper/dists/gradle-2.2.1-all/c64ydeuardnfqctvr1gm30w53/gradle-2.2.1/lib/plugins/gradle-plugins-2.2.1.jar
7f7a28cc8000-7f7a28ccb000 r--s 00011000 08:01 2370326                    /home/susee/.gradle/wrapper/dists/gradle-2.2.1-all/c64ydeuardnfqctvr1gm30w53/gradle-2.2.1/lib/plugins/gradle-plugin-use-2.2.1.jar
7f7a28ccb000-7f7a28ce3000 r--s 00115000 08:01 2370367                    /home/susee/.gradle/wrapper/dists/gradle-2.2.1-all/c64ydeuardnfqctvr1gm30w53/gradle-2.2.1/lib/plugins/xercesImpl-2.9.1.jar
7f7a28ce3000-7f7a28ceb000 r--s 00028000 08:01 2370368                    /home/susee/.gradle/wrapper/dists/gradle-2.2.1-all/c64ydeuardnfqctvr1gm30w53/gradle-2.2.1/lib/plugins/xml-apis-1.3.04.jar
7f7a28ceb000-7f7a28cf1000 r--s 0005b000 08:01 2370366                    /home/susee/.gradle/wrapper/dists/gradle-2.2.1-all/c64ydeuardnfqctvr1gm30w53/gradle-2.2.1/lib/plugins/jcifs-1.3.17.jar
7f7a28cf1000-7f7a28cf7000 r--s 00031000 08:01 2370365                    /home/susee/.gradle/wrapper/dists/gradle-2.2.1-all/c64ydeuardnfqctvr1gm30w53/gradle-2.2.1/lib/plugins/httpcore-4.2.2.jar
7f7a28cf7000-7f7a28cfd000 r--s 00033000 08:01 2370364                    /home/susee/.gradle/wrapper/dists/gradle-2.2.1-all/c64ydeuardnfqctvr1gm30w53/gradle-2.2.1/lib/plugins/commons-codec-1.6.jar
7f7a28cfd000-7f7a28d00000 r--s 0001c000 08:01 2370363                    /home/susee/.gradle/wrapper/dists/gradle-2.2.1-all/c64ydeuardnfqctvr1gm30w53/gradle-2.2.1/lib/plugins/nekohtml-1.9.14.jar
7f7a28d00000-7f7a28d09000 r--s 00060000 08:01 2370362                    /home/susee/.gradle/wrapper/dists/gradle-2.2.1-all/c64ydeuardnfqctvr1gm30w53/gradle-2.2.1/lib/plugins/httpclient-4.2.2.jar
7f7a28d09000-7f7a28d31000 r--s 00194000 08:01 2370355                    /home/susee/.gradle/wrapper/dists/gradle-2.2.1-all/c64ydeuardnfqctvr1gm30w53/gradle-2.2.1/lib/plugins/bcprov-jdk15-1.46.jar
7f7a28d31000-7f7a28d35000 r--s 0001d000 08:01 2370354                    /home/susee/.gradle/wrapper/dists/gradle-2.2.1-all/c64ydeuardnfqctvr1gm30w53/gradle-2.2.1/lib/plugins/xbean-reflect-3.4.jar
7f7a28d35000-7f7a28d3a000 r--s 0002a000 08:01 2370348                    /home/susee/.gradle/wrapper/dists/gradle-2.2.1-all/c64ydeuardnfqctvr1gm30w53/gradle-2.2.1/lib/plugins/gson-2.2.4.jar
7f7a28d3a000-7f7a28d3e000 r--s 0003d000 08:01 2370353                    /home/susee/.gradle/wrapper/dists/gradle-2.2.1-all/c64ydeuardnfqctvr1gm30w53/gradle-2.2.1/lib/plugins/jsch-0.1.51.jar
7f7a28d3e000-7f7a28d57000 r--s 00129000 08:01 2370341                    /home/susee/.gradle/wrapper/dists/gradle-2.2.1-all/c64ydeuardnfqctvr1gm30w53/gradle-2.2.1/lib/plugins/maven-ant-tasks-2.1.3.jar
7f7a28d57000-7f7a28d66000 r--s 000d9000 08:01 2370352                    /home/susee/.gradle/wrapper/dists/gradle-2.2.1-all/c64ydeuardnfqctvr1gm30w53/gradle-2.2.1/lib/plugins/ivy-2.2.0.jar
7f7a28d66000-7f7a28d6a000 r--s 0001e000 08:01 2370295                    /home/susee/.gradle/wrapper/dists/gradle-2.2.1-all/c64ydeuardnfqctvr1gm30w53/gradle-2.2.1/lib/plugins/jarjar-aether-impl-1.13.1.jar
7f7a28d6a000-7f7a28d7a000 r-xp 00000000 08:01 403824                     /usr/lib/jvm/java-7-openjdk-amd64/jre/lib/amd64/libnio.so
7f7a28d7a000-7f7a28f7a000 ---p 00010000 08:01 403824                     /usr/lib/jvm/java-7-openjdk-amd64/jre/lib/amd64/libnio.so
7f7a28f7a000-7f7a28f7b000 r--p 00010000 08:01 403824                     /usr/lib/jvm/java-7-openjdk-amd64/jre/lib/amd64/libnio.so
7f7a28f7b000-7f7a28f7c000 rw-p 00011000 08:01 403824                     /usr/lib/jvm/java-7-openjdk-amd64/jre/lib/amd64/libnio.so
7f7a28f7c000-7f7a28fb9000 r-xp 00000000 08:01 1445989                    /lib/x86_64-linux-gnu/libpcre.so.3.13.1
7f7a28fb9000-7f7a291b8000 ---p 0003d000 08:01 1445989                    /lib/x86_64-linux-gnu/libpcre.so.3.13.1
7f7a291b8000-7f7a291b9000 r--p 0003c000 08:01 1445989                    /lib/x86_64-linux-gnu/libpcre.so.3.13.1
7f7a291b9000-7f7a291ba000 rw-p 0003d000 08:01 1445989                    /lib/x86_64-linux-gnu/libpcre.so.3.13.1
7f7a291ba000-7f7a291c1000 r-xp 00000000 08:01 402177                     /usr/lib/x86_64-linux-gnu/libffi.so.6.0.1
7f7a291c1000-7f7a293c0000 ---p 00007000 08:01 402177                     /usr/lib/x86_64-linux-gnu/libffi.so.6.0.1
7f7a293c0000-7f7a293c1000 r--p 00006000 08:01 402177                     /usr/lib/x86_64-linux-gnu/libffi.so.6.0.1
7f7a293c1000-7f7a293c2000 rw-p 00007000 08:01 402177                     /usr/lib/x86_64-linux-gnu/libffi.so.6.0.1
7f7a293c2000-7f7a293d9000 r-xp 00000000 08:01 1458858                    /lib/x86_64-linux-gnu/libresolv-2.19.so
7f7a293d9000-7f7a295d9000 ---p 00017000 08:01 1458858                    /lib/x86_64-linux-gnu/libresolv-2.19.so
7f7a295d9000-7f7a295da000 r--p 00017000 08:01 1458858                    /lib/x86_64-linux-gnu/libresolv-2.19.so
7f7a295da000-7f7a295db000 rw-p 00018000 08:01 1458858                    /lib/x86_64-linux-gnu/libresolv-2.19.so
7f7a295db000-7f7a295dd000 rw-p 00000000 00:00 0 
7f7a295dd000-7f7a295fd000 r-xp 00000000 08:01 1446016                    /lib/x86_64-linux-gnu/libselinux.so.1
7f7a295fd000-7f7a297fc000 ---p 00020000 08:01 1446016                    /lib/x86_64-linux-gnu/libselinux.so.1
7f7a297fc000-7f7a297fd000 r--p 0001f000 08:01 1446016                    /lib/x86_64-linux-gnu/libselinux.so.1
7f7a297fd000-7f7a297fe000 rw-p 00020000 08:01 1446016                    /lib/x86_64-linux-gnu/libselinux.so.1
7f7a297fe000-7f7a2c000000 rw-p 00000000 00:00 0 
7f7a2c000000-7f7a2c021000 rw-p 00000000 00:00 0 
7f7a2c021000-7f7a30000000 ---p 00000000 00:00 0 
7f7a30000000-7f7a30021000 rw-p 00000000 00:00 0 
7f7a30021000-7f7a34000000 ---p 00000000 00:00 0 
7f7a34000000-7f7a3402c000 rw-p 00000000 00:00 0 
7f7a3402c000-7f7a38000000 ---p 00000000 00:00 0 
7f7a38000000-7f7a38002000 r--s 00007000 08:01 2370351                    /home/susee/.gradle/wrapper/dists/gradle-2.2.1-all/c64ydeuardnfqctvr1gm30w53/gradle-2.2.1/lib/plugins/gradle-resources-http-2.2.1.jar
7f7a38002000-7f7a38005000 r--s 00027000 08:01 2370294                    /home/susee/.gradle/wrapper/dists/gradle-2.2.1-all/c64ydeuardnfqctvr1gm30w53/gradle-2.2.1/lib/plugins/jarjar-maven-model-3.0.4.jar
7f7a38005000-7f7a38008000 r--s 0000b000 08:01 2370293                    /home/susee/.gradle/wrapper/dists/gradle-2.2.1-all/c64ydeuardnfqctvr1gm30w53/gradle-2.2.1/lib/plugins/jarjar-maven-artifact-3.0.4.jar
7f7a38008000-7f7a3800c000 r--s 0001e000 08:01 2370292                    /home/susee/.gradle/wrapper/dists/gradle-2.2.1-all/c64ydeuardnfqctvr1gm30w53/gradle-2.2.1/lib/plugins/jarjar-aether-util-1.13.1.jar
7f7a3800c000-7f7a3800e000 r--s 00007000 08:01 2370291                    /home/susee/.gradle/wrapper/dists/gradle-2.2.1-all/c64ydeuardnfqctvr1gm30w53/gradle-2.2.1/lib/plugins/jarjar-wagon-http-shared4-2.4.jar
7f7a3800e000-7f7a3801b000 r--s 00083000 08:01 2370290                    /home/susee/.gradle/wrapper/dists/gradle-2.2.1-all/c64ydeuardnfqctvr1gm30w53/gradle-2.2.1/lib/plugins/jarjar-maven-core-3.0.4.jar
7f7a3801b000-7f7a3801d000 r--s 00003000 08:01 2370289                    /home/susee/.gradle/wrapper/dists/gradle-2.2.1-all/c64ydeuardnfqctvr1gm30w53/gradle-2.2.1/lib/plugins/jarjar-aether-spi-1.13.1.jar
7f7a3801d000-7f7a3801f000 r--s 00009000 08:01 2370288                    /home/susee/.gradle/wrapper/dists/gradle-2.2.1-all/c64ydeuardnfqctvr1gm30w53/gradle-2.2.1/lib/plugins/jarjar-maven-settings-builder-3.0.4.jar
7f7a3801f000-7f7a38023000 r--s 00014000 08:01 2370287                    /home/susee/.gradle/wrapper/dists/gradle-2.2.1-all/c64ydeuardnfqctvr1gm30w53/gradle-2.2.1/lib/plugins/jarjar-aether-api-1.13.1.jar
7f7a38023000-7f7a3802a000 r--s 00042000 08:01 2370285                    /home/susee/.gradle/wrapper/dists/gradle-2.2.1-all/c64ydeuardnfqctvr1gm30w53/gradle-2.2.1/lib/plugins/jarjar-maven-compat-3.0.4.jar
7f7a3802a000-7f7a3802c000 r--s 00006000 08:01 2370284                    /home/susee/.gradle/wrapper/dists/gradle-2.2.1-all/c64ydeuardnfqctvr1gm30w53/gradle-2.2.1/lib/plugins/jarjar-aether-connector-wagon-1.13.1.jar
7f7a3802c000-7f7a3802e000 r--s 00000000 08:01 2370283                    /home/susee/.gradle/wrapper/dists/gradle-2.2.1-all/c64ydeuardnfqctvr1gm30w53/gradle-2.2.1/lib/plugins/jarjar-plexus-component-annotations-1.5.5.jar
7f7a3802e000-7f7a38030000 r--s 00006000 08:01 2370282                    /home/susee/.gradle/wrapper/dists/gradle-2.2.1-all/c64ydeuardnfqctvr1gm30w53/gradle-2.2.1/lib/plugins/jarjar-plexus-sec-dispatcher-1.3.jar
7f7a38030000-7f7a38035000 r--s 00022000 08:01 2370281                    /home/susee/.gradle/wrapper/dists/gradle-2.2.1-all/c64ydeuardnfqctvr1gm30w53/gradle-2.2.1/lib/plugins/jarjar-maven-model-builder-3.0.4.jar
7f7a38035000-7f7a38037000 r--s 0000b000 08:01 2370280                    /home/susee/.gradle/wrapper/dists/gradle-2.2.1-all/c64ydeuardnfqctvr1gm30w53/gradle-2.2.1/lib/plugins/jarjar-maven-plugin-api-3.0.4.jar
7f7a38037000-7f7a3803a000 r--s 0000a000 08:01 2370279                    /home/susee/.gradle/wrapper/dists/gradle-2.2.1-all/c64ydeuardnfqctvr1gm30w53/gradle-2.2.1/lib/plugins/jarjar-plexus-classworlds-2.4.jar
7f7a3803a000-7f7a38052000 r--s 000b5000 08:01 2370327                    /home/susee/.gradle/wrapper/dists/gradle-2.2.1-all/c64ydeuardnfqctvr1gm30w53/gradle-2.2.1/lib/plugins/gradle-dependency-management-2.2.1.jar
7f7a38052000-7f7a38083000 rw-p 00000000 00:00 0 
7f7a38083000-7f7a38086000 r-xp 00000000 08:01 402290                     /usr/lib/x86_64-linux-gnu/libgmodule-2.0.so.0.4002.0
7f7a38086000-7f7a38285000 ---p 00003000 08:01 402290                     /usr/lib/x86_64-linux-gnu/libgmodule-2.0.so.0.4002.0
7f7a38285000-7f7a38286000 r--p 00002000 08:01 402290                     /usr/lib/x86_64-linux-gnu/libgmodule-2.0.so.0.4002.0
7f7a38286000-7f7a38287000 rw-p 00003000 08:01 402290                     /usr/lib/x86_64-linux-gnu/libgmodule-2.0.so.0.4002.0
7f7a38287000-7f7a3838d000 r-xp 00000000 08:01 1445917                    /lib/x86_64-linux-gnu/libglib-2.0.so.0.4002.0
7f7a3838d000-7f7a3858c000 ---p 00106000 08:01 1445917                    /lib/x86_64-linux-gnu/libglib-2.0.so.0.4002.0
7f7a3858c000-7f7a3858d000 r--p 00105000 08:01 1445917                    /lib/x86_64-linux-gnu/libglib-2.0.so.0.4002.0
7f7a3858d000-7f7a3858e000 rw-p 00106000 08:01 1445917                    /lib/x86_64-linux-gnu/libglib-2.0.so.0.4002.0
7f7a3858e000-7f7a3858f000 rw-p 00000000 00:00 0 
7f7a3858f000-7f7a385de000 r-xp 00000000 08:01 402306                     /usr/lib/x86_64-linux-gnu/libgobject-2.0.so.0.4002.0
7f7a385de000-7f7a387de000 ---p 0004f000 08:01 402306                     /usr/lib/x86_64-linux-gnu/libgobject-2.0.so.0.4002.0
7f7a387de000-7f7a387df000 r--p 0004f000 08:01 402306                     /usr/lib/x86_64-linux-gnu/libgobject-2.0.so.0.4002.0
7f7a387df000-7f7a387e0000 rw-p 00050000 08:01 402306                     /usr/lib/x86_64-linux-gnu/libgobject-2.0.so.0.4002.0
7f7a387e0000-7f7a3894c000 r-xp 00000000 08:01 402278                     /usr/lib/x86_64-linux-gnu/libgio-2.0.so.0.4002.0
7f7a3894c000-7f7a38b4b000 ---p 0016c000 08:01 402278                     /usr/lib/x86_64-linux-gnu/libgio-2.0.so.0.4002.0
7f7a38b4b000-7f7a38b4f000 r--p 0016b000 08:01 402278                     /usr/lib/x86_64-linux-gnu/libgio-2.0.so.0.4002.0
7f7a38b4f000-7f7a38b51000 rw-p 0016f000 08:01 402278                     /usr/lib/x86_64-linux-gnu/libgio-2.0.so.0.4002.0
7f7a38b51000-7f7a38b53000 rw-p 00000000 00:00 0 
7f7a38b53000-7f7a38b54000 r--s 00002000 08:01 2370286                    /home/susee/.gradle/wrapper/dists/gradle-2.2.1-all/c64ydeuardnfqctvr1gm30w53/gradle-2.2.1/lib/plugins/jarjar-wagon-http-2.4.jar
7f7a38b54000-7f7a38b58000 r--s 00035000 08:01 2370278                    /home/susee/.gradle/wrapper/dists/gradle-2.2.1-all/c64ydeuardnfqctvr1gm30w53/gradle-2.2.1/lib/plugins/jarjar-plexus-utils-2.0.6.jar
7f7a38b58000-7f7a38b5a000 r--s 0000e000 08:01 2370277                    /home/susee/.gradle/wrapper/dists/gradle-2.2.1-all/c64ydeuardnfqctvr1gm30w53/gradle-2.2.1/lib/plugins/jarjar-plexus-interpolation-1.14.jar
7f7a38b5a000-7f7a38b5c000 r--s 00002000 08:01 2370276                    /home/susee/.gradle/wrapper/dists/gradle-2.2.1-all/c64ydeuardnfqctvr1gm30w53/gradle-2.2.1/lib/plugins/jarjar-plexus-cipher-1.7.jar
7f7a38b5c000-7f7a38b5e000 r--s 0000c000 08:01 2370275                    /home/susee/.gradle/wrapper/dists/gradle-2.2.1-all/c64ydeuardnfqctvr1gm30w53/gradle-2.2.1/lib/plugins/jarjar-wagon-provider-api-2.4.jar
7f7a38b5e000-7f7a38b60000 r--s 0000d000 08:01 2370274                    /home/susee/.gradle/wrapper/dists/gradle-2.2.1-all/c64ydeuardnfqctvr1gm30w53/gradle-2.2.1/lib/plugins/jarjar-maven-aether-provider-3.0.4.jar
7f7a38b60000-7f7a38b68000 r--s 00031000 08:01 2370273                    /home/susee/.gradle/wrapper/dists/gradle-2.2.1-all/c64ydeuardnfqctvr1gm30w53/gradle-2.2.1/lib/plugins/jarjar-plexus-container-default-1.5.5.jar
7f7a38b68000-7f7a38b69000 r--s 00007000 08:01 2370272                    /home/susee/.gradle/wrapper/dists/gradle-2.2.1-all/c64ydeuardnfqctvr1gm30w53/gradle-2.2.1/lib/plugins/jarjar-maven-repository-metadata-3.0.4.jar
7f7a38b69000-7f7a38b6a000 r--s 0000b000 08:01 2370271                    /home/susee/.gradle/wrapper/dists/gradle-2.2.1-all/c64ydeuardnfqctvr1gm30w53/gradle-2.2.1/lib/plugins/jarjar-maven-settings-3.0.4.jar
7f7a38b6a000-7f7a38b81000 r-xp 00000000 08:01 403828                     /usr/lib/jvm/java-7-openjdk-amd64/jre/lib/amd64/libnet.so
7f7a38b81000-7f7a38d80000 ---p 00017000 08:01 403828                     /usr/lib/jvm/java-7-openjdk-amd64/jre/lib/amd64/libnet.so
7f7a38d80000-7f7a38d81000 r--p 00016000 08:01 403828                     /usr/lib/jvm/java-7-openjdk-amd64/jre/lib/amd64/libnet.so
7f7a38d81000-7f7a38d82000 rw-p 00017000 08:01 403828                     /usr/lib/jvm/java-7-openjdk-amd64/jre/lib/amd64/libnet.so
7f7a38d82000-7f7a38d83000 r--s 00005000 08:01 2370218                    /home/susee/.gradle/wrapper/dists/gradle-2.2.1-all/c64ydeuardnfqctvr1gm30w53/gradle-2.2.1/lib/gradle-wrapper-2.2.1.jar
7f7a38d83000-7f7a38d8c000 r--s 0002c000 08:01 2370225                    /home/susee/.gradle/wrapper/dists/gradle-2.2.1-all/c64ydeuardnfqctvr1gm30w53/gradle-2.2.1/lib/gradle-tooling-api-2.2.1.jar
7f7a38d8c000-7f7a38d8e000 r--s 00002000 08:01 2370251                    /home/susee/.gradle/wrapper/dists/gradle-2.2.1-all/c64ydeuardnfqctvr1gm30w53/gradle-2.2.1/lib/gradle-open-api-2.2.1.jar
7f7a38d8e000-7f7a38d94000 r--s 00032000 08:01 2370253                    /home/susee/.gradle/wrapper/dists/gradle-2.2.1-all/c64ydeuardnfqctvr1gm30w53/gradle-2.2.1/lib/jaxen-1.1.jar
7f7a38d94000-7f7a38d99000 r--s 00048000 08:01 2370252                    /home/susee/.gradle/wrapper/dists/gradle-2.2.1-all/c64ydeuardnfqctvr1gm30w53/gradle-2.2.1/lib/dom4j-1.6.1.jar
7f7a38d99000-7f7a38da4000 r--s 00059000 08:01 2370224                    /home/susee/.gradle/wrapper/dists/gradle-2.2.1-all/c64ydeuardnfqctvr1gm30w53/gradle-2.2.1/lib/gradle-ui-2.2.1.jar
7f7a38da4000-7f7a38da6000 r--s 00006000 08:01 2370247                    /home/susee/.gradle/wrapper/dists/gradle-2.2.1-all/c64ydeuardnfqctvr1gm30w53/gradle-2.2.1/lib/gradle-resources-2.2.1.jar
7f7a38da6000-7f7a38da8000 r--s 00007000 08:01 2370269                    /home/susee/.gradle/wrapper/dists/gradle-2.2.1-all/c64ydeuardnfqctvr1gm30w53/gradle-2.2.1/lib/objenesis-1.2.jar
7f7a38da8000-7f7a38daa000 r--s 00000000 08:01 2370268                    /home/susee/.gradle/wrapper/dists/gradle-2.2.1-all/c64ydeuardnfqctvr1gm30w53/gradle-2.2.1/lib/minlog-1.2.jar
7f7a38daa000-7f7a38dac000 r--s 0000f000 08:01 2370267                    /home/susee/.gradle/wrapper/dists/gradle-2.2.1-all/c64ydeuardnfqctvr1gm30w53/gradle-2.2.1/lib/reflectasm-1.07-shaded.jar
7f7a38dac000-7f7a38db0000 r--s 00026000 08:01 2370258                    /home/susee/.gradle/wrapper/dists/gradle-2.2.1-all/c64ydeuardnfqctvr1gm30w53/gradle-2.2.1/lib/kryo-2.20.jar
7f7a38db0000-7f7a38db9000 r--s 00039000 08:01 2370246                    /home/susee/.gradle/wrapper/dists/gradle-2.2.1-all/c64ydeuardnfqctvr1gm30w53/gradle-2.2.1/lib/gradle-messaging-2.2.1.jar
7f7a38db9000-7f7a38dba000 r--s 00003000 08:01 2370266                    /home/susee/.gradle/wrapper/dists/gradle-2.2.1-all/c64ydeuardnfqctvr1gm30w53/gradle-2.2.1/lib/native-platform-freebsd-amd64-0.10.jar
7f7a38dba000-7f7a38dbb000 r--s 00003000 08:01 2370265                    /home/susee/.gradle/wrapper/dists/gradle-2.2.1-all/c64ydeuardnfqctvr1gm30w53/gradle-2.2.1/lib/native-platform-freebsd-i386-0.10.jar
7f7a38dbb000-7f7a38dbc000 r--s 00005000 08:01 2370264                    /home/susee/.gradle/wrapper/dists/gradle-2.2.1-all/c64ydeuardnfqctvr1gm30w53/gradle-2.2.1/lib/native-platform-windows-i386-0.10.jar
7f7a38dbc000-7f7a38dbd000 r--s 00005000 08:01 2370263                    /home/susee/.gradle/wrapper/dists/gradle-2.2.1-all/c64ydeuardnfqctvr1gm30w53/gradle-2.2.1/lib/native-platform-windows-amd64-0.10.jar
7f7a38dbd000-7f7a38dbe000 r--s 00003000 08:01 2370262                    /home/susee/.gradle/wrapper/dists/gradle-2.2.1-all/c64ydeuardnfqctvr1gm30w53/gradle-2.2.1/lib/native-platform-linux-i386-0.10.jar
7f7a38dbe000-7f7a38dbf000 r--s 00003000 08:01 2370261                    /home/susee/.gradle/wrapper/dists/gradle-2.2.1-all/c64ydeuardnfqctvr1gm30w53/gradle-2.2.1/lib/native-platform-linux-amd64-0.10.jar
7f7a38dbf000-7f7a38dc0000 r--s 00002000 08:01 2370260                    /home/susee/.gradle/wrapper/dists/gradle-2.2.1-all/c64ydeuardnfqctvr1gm30w53/gradle-2.2.1/lib/native-platform-osx-amd64-0.10.jar
7f7a38dc0000-7f7a38dc1000 r--s 00002000 08:01 2370259                    /home/susee/.gradle/wrapper/dists/gradle-2.2.1-all/c64ydeuardnfqctvr1gm30w53/gradle-2.2.1/lib/native-platform-osx-i386-0.10.jar
7f7a38dc1000-7f7a38dc3000 r--s 00008000 08:01 2370256                    /home/susee/.gradle/wrapper/dists/gradle-2.2.1-all/c64ydeuardnfqctvr1gm30w53/gradle-2.2.1/lib/jansi-1.2.1.jar
7f7a38dc3000-7f7a38dc6000 r--s 0000d000 08:01 2370255                    /home/susee/.gradle/wrapper/dists/gradle-2.2.1-all/c64ydeuardnfqctvr1gm30w53/gradle-2.2.1/lib/native-platform-0.10.jar
7f7a38dc6000-7f7a38dca000 r--s 000e4000 08:01 2370254                    /home/susee/.gradle/wrapper/dists/gradle-2.2.1-all/c64ydeuardnfqctvr1gm30w53/gradle-2.2.1/lib/jna-3.2.7.jar
7f7a38dca000-7f7a38dcc000 r--s 00008000 08:01 2370228                    /home/susee/.gradle/wrapper/dists/gradle-2.2.1-all/c64ydeuardnfqctvr1gm30w53/gradle-2.2.1/lib/gradle-native-2.2.1.jar
7f7a38dcc000-7f7a38dce000 r--s 00005000 08:01 2370223                    /home/susee/.gradle/wrapper/dists/gradle-2.2.1-all/c64ydeuardnfqctvr1gm30w53/gradle-2.2.1/lib/gradle-cli-2.2.1.jar
7f7a38dce000-7f7a38dd0000 r--s 00003000 08:01 2370245                    /home/susee/.gradle/wrapper/dists/gradle-2.2.1-all/c64ydeuardnfqctvr1gm30w53/gradle-2.2.1/lib/gradle-base-services-groovy-2.2.1.jar
7f7a38dd0000-7f7a38dd2000 r--s 0000a000 08:01 2370233                    /home/susee/.gradle/wrapper/dists/gradle-2.2.1-all/c64ydeuardnfqctvr1gm30w53/gradle-2.2.1/lib/gradle-model-groovy-2.2.1.jar
7f7a38dd2000-7f7a38dd6000 r--s 0001b000 08:01 2370232                    /home/susee/.gradle/wrapper/dists/gradle-2.2.1-all/c64ydeuardnfqctvr1gm30w53/gradle-2.2.1/lib/gradle-model-core-2.2.1.jar
7f7a38dd6000-7f7a38dd7000 r--s 00000000 08:01 2370248                    /home/susee/.gradle/wrapper/dists/gradle-2.2.1-all/c64ydeuardnfqctvr1gm30w53/gradle-2.2.1/lib/gradle-docs-2.2.1.jar
7f7a38dd7000-7f7a38dd9000 r--s 00003000 08:01 2370250                    /home/susee/.gradle/wrapper/dists/gradle-2.2.1-all/c64ydeuardnfqctvr1gm30w53/gradle-2.2.1/lib/jcl-over-slf4j-1.7.7.jar
7f7a38dd9000-7f7a38dda000 r--s 00005000 08:01 2370249                    /home/susee/.gradle/wrapper/dists/gradle-2.2.1-all/c64ydeuardnfqctvr1gm30w53/gradle-2.2.1/lib/log4j-over-slf4j-1.7.7.jar
7f7a38dda000-7f7a38ddb000 r--s 00000000 08:01 2370244                    /home/susee/.gradle/wrapper/dists/gradle-2.2.1-all/c64ydeuardnfqctvr1gm30w53/gradle-2.2.1/lib/javax.inject-1.jar
7f7a38ddb000-7f7a38dde000 r--s 0001b000 08:01 2370243                    /home/susee/.gradle/wrapper/dists/gradle-2.2.1-all/c64ydeuardnfqctvr1gm30w53/gradle-2.2.1/lib/jarjar-1.3.jar
7f7a38dde000-7f7a38de0000 r--s 00000000 08:01 2370242                    /home/susee/.gradle/wrapper/dists/gradle-2.2.1-all/c64ydeuardnfqctvr1gm30w53/gradle-2.2.1/lib/jul-to-slf4j-1.7.7.jar
7f7a38de0000-7f7a38de1000 r--s 00000000 08:01 2370241                    /home/susee/.gradle/wrapper/dists/gradle-2.2.1-all/c64ydeuardnfqctvr1gm30w53/gradle-2.2.1/lib/jcip-annotations-1.0.jar
7f7a38de1000-7f7a38de7000 r--s 0003b000 08:01 2370240                    /home/susee/.gradle/wrapper/dists/gradle-2.2.1-all/c64ydeuardnfqctvr1gm30w53/gradle-2.2.1/lib/logback-classic-1.0.13.jar
7f7a38de7000-7f7a38df1000 r--s 0005d000 08:01 2370239                    /home/susee/.gradle/wrapper/dists/gradle-2.2.1-all/c64ydeuardnfqctvr1gm30w53/gradle-2.2.1/lib/logback-core-1.0.13.jar
7f7a38df1000-7f7a38df6000 r--s 00041000 08:01 2370238                    /home/susee/.gradle/wrapper/dists/gradle-2.2.1-all/c64ydeuardnfqctvr1gm30w53/gradle-2.2.1/lib/commons-lang-2.6.jar
7f7a38df6000-7f7a38df9000 r--s 00018000 08:01 2370237                    /home/susee/.gradle/wrapper/dists/gradle-2.2.1-all/c64ydeuardnfqctvr1gm30w53/gradle-2.2.1/lib/commons-io-1.4.jar
7f7a38df9000-7f7a38e07000 r--s 0007f000 08:01 2370236                    /home/susee/.gradle/wrapper/dists/gradle-2.2.1-all/c64ydeuardnfqctvr1gm30w53/gradle-2.2.1/lib/commons-collections-3.2.1.jar
7f7a38e07000-7f7a38e0c000 r--s 00036000 08:01 2370234                    /home/susee/.gradle/wrapper/dists/gradle-2.2.1-all/c64ydeuardnfqctvr1gm30w53/gradle-2.2.1/lib/asm-all-5.0.3.jar
7f7a38e0c000-7f7a38e77000 r--s 00685000 08:01 2370231                    /home/susee/.gradle/wrapper/dists/gradle-2.2.1-all/c64ydeuardnfqctvr1gm30w53/gradle-2.2.1/lib/groovy-all-2.3.6.jar
7f7a38e77000-7f7a38e9f000 r--s 001cf000 08:01 2370230                    /home/susee/.gradle/wrapper/dists/gradle-2.2.1-all/c64ydeuardnfqctvr1gm30w53/gradle-2.2.1/lib/guava-jdk5-17.0.jar
7f7a38e9f000-7f7a38ea1000 r--s 00006000 08:01 2370229                    /home/susee/.gradle/wrapper/dists/gradle-2.2.1-all/c64ydeuardnfqctvr1gm30w53/gradle-2.2.1/lib/slf4j-api-1.7.7.jar
7f7a38ea1000-7f7a38ec0000 r--s 001cc000 08:01 2370235                    /home/susee/.gradle/wrapper/dists/gradle-2.2.1-all/c64ydeuardnfqctvr1gm30w53/gradle-2.2.1/lib/ant-1.9.3.jar
7f7a38ec0000-7f7a38ec6000 r--s 00026000 08:01 2370219                    /home/susee/.gradle/wrapper/dists/gradle-2.2.1-all/c64ydeuardnfqctvr1gm30w53/gradle-2.2.1/lib/gradle-base-services-2.2.1.jar
7f7a38ec6000-7f7a38ef7000 r--s 00191000 08:01 2370222                    /home/susee/.gradle/wrapper/dists/gradle-2.2.1-all/c64ydeuardnfqctvr1gm30w53/gradle-2.2.1/lib/gradle-core-2.2.1.jar
7f7a38ef7000-7f7a38eff000 r--s 0003c000 08:01 2370217                    /home/susee/.gradle/wrapper/dists/gradle-2.2.1-all/c64ydeuardnfqctvr1gm30w53/gradle-2.2.1/lib/gradle-launcher-2.2.1.jar
7f7a38eff000-7f7a38f00000 ---p 00000000 00:00 0 
7f7a38f00000-7f7a39000000 rw-p 00000000 00:00 0                          [stack:21265]
7f7a39000000-7f7a39410000 rwxp 00000000 00:00 0 
7f7a39410000-7f7a3c9d7000 rw-p 00000000 00:00 0 
7f7a3c9d7000-7f7a40000000 ---p 00000000 00:00 0 
7f7a40000000-7f7a40003000 ---p 00000000 00:00 0 
7f7a40003000-7f7a40101000 rw-p 00000000 00:00 0                          [stack:21264]
7f7a40101000-7f7a40104000 ---p 00000000 00:00 0 
7f7a40104000-7f7a40202000 rw-p 00000000 00:00 0                          [stack:21263]
7f7a40202000-7f7a40205000 ---p 00000000 00:00 0 
7f7a40205000-7f7a40303000 rw-p 00000000 00:00 0                          [stack:21262]
7f7a40303000-7f7a40306000 ---p 00000000 00:00 0 
7f7a40306000-7f7a40404000 rw-p 00000000 00:00 0                          [stack:21261]
7f7a40404000-7f7a40ae6000 r--p 00000000 08:01 400783                     /usr/lib/locale/locale-archive
7f7a40ae6000-7f7a40ae9000 ---p 00000000 00:00 0 
7f7a40ae9000-7f7a40be7000 rw-p 00000000 00:00 0                          [stack:21260]
7f7a40be7000-7f7a40bea000 ---p 00000000 00:00 0 
7f7a40bea000-7f7a40ce8000 rw-p 00000000 00:00 0                          [stack:21259]
7f7a40ce8000-7f7a40ce9000 ---p 00000000 00:00 0 
7f7a40ce9000-7f7a41de6000 rw-p 00000000 00:00 0                          [stack:21258]
7f7a41de6000-7f7a41f98000 r--s 01d23000 08:01 403792                     /usr/lib/jvm/java-7-openjdk-amd64/jre/lib/rt.jar
7f7a41f98000-7f7a42311000 rw-p 00000000 00:00 0 
7f7a42311000-7f7a42312000 ---p 00000000 00:00 0 
7f7a42312000-7f7a42412000 rw-p 00000000 00:00 0                          [stack:21257]
7f7a42412000-7f7a42413000 ---p 00000000 00:00 0 
7f7a42413000-7f7a42513000 rw-p 00000000 00:00 0                          [stack:21256]
7f7a42513000-7f7a42514000 ---p 00000000 00:00 0 
7f7a42514000-7f7a42614000 rw-p 00000000 00:00 0                          [stack:21255]
7f7a42614000-7f7a42615000 ---p 00000000 00:00 0 
7f7a42615000-7f7a42729000 rw-p 00000000 00:00 0                          [stack:21254]
7f7a42729000-7f7a42795000 rw-p 00000000 00:00 0 
7f7a42795000-7f7a427a9000 rw-p 00000000 00:00 0 
7f7a427a9000-7f7a428eb000 rw-p 00000000 00:00 0 
7f7a428eb000-7f7a428ff000 rw-p 00000000 00:00 0 
7f7a428ff000-7f7a4296b000 rw-p 00000000 00:00 0 
7f7a4296b000-7f7a4297f000 rw-p 00000000 00:00 0 
7f7a4297f000-7f7a42ac0000 rw-p 00000000 00:00 0 
7f7a42ac0000-7f7a42b1b000 rw-p 00000000 00:00 0 
7f7a42b1b000-7f7a42b6b000 rw-p 00000000 00:00 0 
7f7a42b6b000-7f7a42b6c000 rw-p 00000000 00:00 0 
7f7a42b6c000-7f7a42b74000 r-xp 00000000 08:01 403854                     /usr/lib/jvm/java-7-openjdk-amd64/jre/lib/amd64/libzip.so
7f7a42b74000-7f7a42d73000 ---p 00008000 08:01 403854                     /usr/lib/jvm/java-7-openjdk-amd64/jre/lib/amd64/libzip.so
7f7a42d73000-7f7a42d74000 r--p 00007000 08:01 403854                     /usr/lib/jvm/java-7-openjdk-amd64/jre/lib/amd64/libzip.so
7f7a42d74000-7f7a42d75000 rw-p 00008000 08:01 403854                     /usr/lib/jvm/java-7-openjdk-amd64/jre/lib/amd64/libzip.so
7f7a42d75000-7f7a42d80000 r-xp 00000000 08:01 1458860                    /lib/x86_64-linux-gnu/libnss_files-2.19.so
7f7a42d80000-7f7a42f7f000 ---p 0000b000 08:01 1458860                    /lib/x86_64-linux-gnu/libnss_files-2.19.so
7f7a42f7f000-7f7a42f80000 r--p 0000a000 08:01 1458860                    /lib/x86_64-linux-gnu/libnss_files-2.19.so
7f7a42f80000-7f7a42f81000 rw-p 0000b000 08:01 1458860                    /lib/x86_64-linux-gnu/libnss_files-2.19.so
7f7a42f81000-7f7a42f8c000 r-xp 00000000 08:01 1458880                    /lib/x86_64-linux-gnu/libnss_nis-2.19.so
7f7a42f8c000-7f7a4318b000 ---p 0000b000 08:01 1458880                    /lib/x86_64-linux-gnu/libnss_nis-2.19.so
7f7a4318b000-7f7a4318c000 r--p 0000a000 08:01 1458880                    /lib/x86_64-linux-gnu/libnss_nis-2.19.so
7f7a4318c000-7f7a4318d000 rw-p 0000b000 08:01 1458880                    /lib/x86_64-linux-gnu/libnss_nis-2.19.so
7f7a4318d000-7f7a431a4000 r-xp 00000000 08:01 1458869                    /lib/x86_64-linux-gnu/libnsl-2.19.so
7f7a431a4000-7f7a433a3000 ---p 00017000 08:01 1458869                    /lib/x86_64-linux-gnu/libnsl-2.19.so
7f7a433a3000-7f7a433a4000 r--p 00016000 08:01 1458869                    /lib/x86_64-linux-gnu/libnsl-2.19.so
7f7a433a4000-7f7a433a5000 rw-p 00017000 08:01 1458869                    /lib/x86_64-linux-gnu/libnsl-2.19.so
7f7a433a5000-7f7a433a7000 rw-p 00000000 00:00 0 
7f7a433a7000-7f7a433b0000 r-xp 00000000 08:01 1458868                    /lib/x86_64-linux-gnu/libnss_compat-2.19.so
7f7a433b0000-7f7a435af000 ---p 00009000 08:01 1458868                    /lib/x86_64-linux-gnu/libnss_compat-2.19.so
7f7a435af000-7f7a435b0000 r--p 00008000 08:01 1458868                    /lib/x86_64-linux-gnu/libnss_compat-2.19.so
7f7a435b0000-7f7a435b1000 rw-p 00009000 08:01 1458868                    /lib/x86_64-linux-gnu/libnss_compat-2.19.so
7f7a435b1000-7f7a435dc000 r-xp 00000000 08:01 403838                     /usr/lib/jvm/java-7-openjdk-amd64/jre/lib/amd64/libjava.so
7f7a435dc000-7f7a437dc000 ---p 0002b000 08:01 403838                     /usr/lib/jvm/java-7-openjdk-amd64/jre/lib/amd64/libjava.so
7f7a437dc000-7f7a437dd000 r--p 0002b000 08:01 403838                     /usr/lib/jvm/java-7-openjdk-amd64/jre/lib/amd64/libjava.so
7f7a437dd000-7f7a437df000 rw-p 0002c000 08:01 403838                     /usr/lib/jvm/java-7-openjdk-amd64/jre/lib/amd64/libjava.so
7f7a437df000-7f7a437ef000 r-xp 00000000 08:01 403837                     /usr/lib/jvm/java-7-openjdk-amd64/jre/lib/amd64/libverify.so
7f7a437ef000-7f7a439ee000 ---p 00010000 08:01 403837                     /usr/lib/jvm/java-7-openjdk-amd64/jre/lib/amd64/libverify.so
7f7a439ee000-7f7a439f0000 r--p 0000f000 08:01 403837                     /usr/lib/jvm/java-7-openjdk-amd64/jre/lib/amd64/libverify.so
7f7a439f0000-7f7a439f1000 rw-p 00011000 08:01 403837                     /usr/lib/jvm/java-7-openjdk-amd64/jre/lib/amd64/libverify.so
7f7a439f1000-7f7a439f8000 r-xp 00000000 08:01 1458877                    /lib/x86_64-linux-gnu/librt-2.19.so
7f7a439f8000-7f7a43bf7000 ---p 00007000 08:01 1458877                    /lib/x86_64-linux-gnu/librt-2.19.so
7f7a43bf7000-7f7a43bf8000 r--p 00006000 08:01 1458877                    /lib/x86_64-linux-gnu/librt-2.19.so
7f7a43bf8000-7f7a43bf9000 rw-p 00007000 08:01 1458877                    /lib/x86_64-linux-gnu/librt-2.19.so
7f7a43bf9000-7f7a43c0f000 r-xp 00000000 08:01 1445913                    /lib/x86_64-linux-gnu/libgcc_s.so.1
7f7a43c0f000-7f7a43e0e000 ---p 00016000 08:01 1445913                    /lib/x86_64-linux-gnu/libgcc_s.so.1
7f7a43e0e000-7f7a43e0f000 rw-p 00015000 08:01 1445913                    /lib/x86_64-linux-gnu/libgcc_s.so.1
7f7a43e0f000-7f7a43f14000 r-xp 00000000 08:01 1458859                    /lib/x86_64-linux-gnu/libm-2.19.so
7f7a43f14000-7f7a44113000 ---p 00105000 08:01 1458859                    /lib/x86_64-linux-gnu/libm-2.19.so
7f7a44113000-7f7a44114000 r--p 00104000 08:01 1458859                    /lib/x86_64-linux-gnu/libm-2.19.so
7f7a44114000-7f7a44115000 rw-p 00105000 08:01 1458859                    /lib/x86_64-linux-gnu/libm-2.19.so
7f7a44115000-7f7a441fb000 r-xp 00000000 08:01 402799                     /usr/lib/x86_64-linux-gnu/libstdc++.so.6.0.19
7f7a441fb000-7f7a443fa000 ---p 000e6000 08:01 402799                     /usr/lib/x86_64-linux-gnu/libstdc++.so.6.0.19
7f7a443fa000-7f7a44402000 r--p 000e5000 08:01 402799                     /usr/lib/x86_64-linux-gnu/libstdc++.so.6.0.19
7f7a44402000-7f7a44404000 rw-p 000ed000 08:01 402799                     /usr/lib/x86_64-linux-gnu/libstdc++.so.6.0.19
7f7a44404000-7f7a44419000 rw-p 00000000 00:00 0 
7f7a44419000-7f7a44f31000 r-xp 00000000 08:01 403843                     /usr/lib/jvm/java-7-openjdk-amd64/jre/lib/amd64/server/libjvm.so
7f7a44f31000-7f7a45131000 ---p 00b18000 08:01 403843                     /usr/lib/jvm/java-7-openjdk-amd64/jre/lib/amd64/server/libjvm.so
7f7a45131000-7f7a451cb000 r--p 00b18000 08:01 403843                     /usr/lib/jvm/java-7-openjdk-amd64/jre/lib/amd64/server/libjvm.so
7f7a451cb000-7f7a451ee000 rw-p 00bb2000 08:01 403843                     /usr/lib/jvm/java-7-openjdk-amd64/jre/lib/amd64/server/libjvm.so
7f7a451ee000-7f7a4521c000 rw-p 00000000 00:00 0 
7f7a4521c000-7f7a45234000 r-xp 00000000 08:01 1446049                    /lib/x86_64-linux-gnu/libz.so.1.2.8
7f7a45234000-7f7a45433000 ---p 00018000 08:01 1446049                    /lib/x86_64-linux-gnu/libz.so.1.2.8
7f7a45433000-7f7a45434000 r--p 00017000 08:01 1446049                    /lib/x86_64-linux-gnu/libz.so.1.2.8
7f7a45434000-7f7a45435000 rw-p 00018000 08:01 1446049                    /lib/x86_64-linux-gnu/libz.so.1.2.8
7f7a45435000-7f7a4544e000 r-xp 00000000 08:01 1458875                    /lib/x86_64-linux-gnu/libpthread-2.19.so
7f7a4544e000-7f7a4564d000 ---p 00019000 08:01 1458875                    /lib/x86_64-linux-gnu/libpthread-2.19.so
7f7a4564d000-7f7a4564e000 r--p 00018000 08:01 1458875                    /lib/x86_64-linux-gnu/libpthread-2.19.so
7f7a4564e000-7f7a4564f000 rw-p 00019000 08:01 1458875                    /lib/x86_64-linux-gnu/libpthread-2.19.so
7f7a4564f000-7f7a45653000 rw-p 00000000 00:00 0 
7f7a45653000-7f7a45656000 r-xp 00000000 08:01 1458863                    /lib/x86_64-linux-gnu/libdl-2.19.so
7f7a45656000-7f7a45855000 ---p 00003000 08:01 1458863                    /lib/x86_64-linux-gnu/libdl-2.19.so
7f7a45855000-7f7a45856000 r--p 00002000 08:01 1458863                    /lib/x86_64-linux-gnu/libdl-2.19.so
7f7a45856000-7f7a45857000 rw-p 00003000 08:01 1458863                    /lib/x86_64-linux-gnu/libdl-2.19.so
7f7a45857000-7f7a45a12000 r-xp 00000000 08:01 1458874                    /lib/x86_64-linux-gnu/libc-2.19.so
7f7a45a12000-7f7a45c11000 ---p 001bb000 08:01 1458874                    /lib/x86_64-linux-gnu/libc-2.19.so
7f7a45c11000-7f7a45c15000 r--p 001ba000 08:01 1458874                    /lib/x86_64-linux-gnu/libc-2.19.so
7f7a45c15000-7f7a45c17000 rw-p 001be000 08:01 1458874                    /lib/x86_64-linux-gnu/libc-2.19.so
7f7a45c17000-7f7a45c1c000 rw-p 00000000 00:00 0 
7f7a45c1c000-7f7a45c29000 r-xp 00000000 08:01 403820                     /usr/lib/jvm/java-7-openjdk-amd64/jre/lib/amd64/jli/libjli.so
7f7a45c29000-7f7a45e28000 ---p 0000d000 08:01 403820                     /usr/lib/jvm/java-7-openjdk-amd64/jre/lib/amd64/jli/libjli.so
7f7a45e28000-7f7a45e29000 r--p 0000c000 08:01 403820                     /usr/lib/jvm/java-7-openjdk-amd64/jre/lib/amd64/jli/libjli.so
7f7a45e29000-7f7a45e2a000 rw-p 0000d000 08:01 403820                     /usr/lib/jvm/java-7-openjdk-amd64/jre/lib/amd64/jli/libjli.so
7f7a45e2a000-7f7a45e4d000 r-xp 00000000 08:01 1458871                    /lib/x86_64-linux-gnu/ld-2.19.so
7f7a45e4d000-7f7a45e50000 r--s 0000f000 08:01 403796                     /usr/lib/jvm/java-7-openjdk-amd64/jre/lib/ext/icedtea-sound.jar
7f7a45e50000-7f7a45e54000 r--s 00034000 08:01 403798                     /usr/lib/jvm/java-7-openjdk-amd64/jre/lib/ext/sunjce_provider.jar
7f7a45e54000-7f7a45e7e000 rw-p 00000000 00:00 0 
7f7a45e7e000-7f7a45f2d000 rw-p 00000000 00:00 0 
7f7a45f2d000-7f7a45f30000 ---p 00000000 00:00 0 
7f7a45f30000-7f7a46033000 rw-p 00000000 00:00 0                          [stack:21253]
7f7a46033000-7f7a46034000 r--s 00004000 08:01 2370257                    /home/susee/.gradle/wrapper/dists/gradle-2.2.1-all/c64ydeuardnfqctvr1gm30w53/gradle-2.2.1/lib/ant-launcher-1.9.3.jar
7f7a46034000-7f7a46035000 r--s 00002000 08:01 403800                     /usr/lib/jvm/java-7-openjdk-amd64/jre/lib/ext/dnsns.jar
7f7a46035000-7f7a46037000 r--s 00012000 08:01 403799                     /usr/lib/jvm/java-7-openjdk-amd64/jre/lib/ext/zipfs.jar
7f7a46037000-7f7a4603a000 r--s 00086000 08:01 403801                     /usr/lib/jvm/java-7-openjdk-amd64/jre/lib/ext/localedata.jar
7f7a4603a000-7f7a4603e000 r--s 0003c000 08:01 403797                     /usr/lib/jvm/java-7-openjdk-amd64/jre/lib/ext/sunpkcs11.jar
7f7a4603e000-7f7a46040000 r--s 00006000 08:01 799629                     /usr/share/java/java-atk-wrapper.jar
7f7a46040000-7f7a46048000 rw-s 00000000 08:01 4595912                    /tmp/hsperfdata_susee/21251
7f7a46048000-7f7a46049000 rw-p 00000000 00:00 0 
7f7a46049000-7f7a4604a000 ---p 00000000 00:00 0 
7f7a4604a000-7f7a4604c000 rw-p 00000000 00:00 0 
7f7a4604c000-7f7a4604d000 r--p 00022000 08:01 1458871                    /lib/x86_64-linux-gnu/ld-2.19.so
7f7a4604d000-7f7a4604e000 rw-p 00023000 08:01 1458871                    /lib/x86_64-linux-gnu/ld-2.19.so
7f7a4604e000-7f7a4604f000 rw-p 00000000 00:00 0 
7fff8ee4b000-7fff8ee6c000 rw-p 00000000 00:00 0                          [stack]
7fff8ef8c000-7fff8ef8e000 r-xp 00000000 00:00 0                          [vdso]
7fff8ef8e000-7fff8ef90000 r--p 00000000 00:00 0                          [vvar]
ffffffffff600000-ffffffffff601000 r-xp 00000000 00:00 0                  [vsyscall]

VM Arguments:
jvm_args: -XX:MaxPermSize=256m -XX:+HeapDumpOnOutOfMemoryError -Xmx1024m -Dfile.encoding=UTF-8 -Duser.country=IN -Duser.language=en -Duser.variant 
java_command: org.gradle.launcher.daemon.bootstrap.GradleDaemon 2.2.1 /home/susee/.gradle/daemon 10800000 32bbea01-b254-402c-9194-84d6e2c5802b -XX:MaxPermSize=256m -XX:+HeapDumpOnOutOfMemoryError -Xmx1024m -Dfile.encoding=UTF-8 -Duser.country=IN -Duser.language=en -Duser.variant
Launcher Type: SUN_STANDARD

Environment Variables:
CLASSPATH=./../lib/bootstrap.jar:./../lib/extensions.jar:./../lib/util.jar:./../lib/jdom.jar:./../lib/log4j.jar:./../lib/trove4j.jar:./../lib/jna.jar:/usr/lib/jvm/java-7-openjdk-amd64/lib/tools.jar
PATH=/usr/local/heroku/bin:/usr/local/sbin:/usr/local/bin:/usr/sbin:/usr/bin:/sbin:/bin:/usr/games:/usr/local/games
LD_LIBRARY_PATH=.:
SHELL=/bin/bash
DISPLAY=:0

Signal Handlers:
SIGSEGV: [libjvm.so+0x94b4b0], sa_mask[0]=0x7ffbfeff, sa_flags=0x10000004
SIGBUS: [libjvm.so+0x94b4b0], sa_mask[0]=0x7ffbfeff, sa_flags=0x10000004
SIGFPE: [libjvm.so+0x7c3390], sa_mask[0]=0x7ffbfeff, sa_flags=0x10000004
SIGPIPE: [libjvm.so+0x7c3390], sa_mask[0]=0x7ffbfeff, sa_flags=0x10000004
SIGXFSZ: [libjvm.so+0x7c3390], sa_mask[0]=0x7ffbfeff, sa_flags=0x10000004
SIGILL: [libjvm.so+0x7c3390], sa_mask[0]=0x7ffbfeff, sa_flags=0x10000004
SIGUSR1: SIG_DFL, sa_mask[0]=0x00000000, sa_flags=0x00000000
SIGUSR2: [libjvm.so+0x7c3230], sa_mask[0]=0x00000004, sa_flags=0x10000004
SIGHUP: [libjvm.so+0x7c3410], sa_mask[0]=0x7ffbfeff, sa_flags=0x10000004
SIGINT: [libjvm.so+0x7c3410], sa_mask[0]=0x7ffbfeff, sa_flags=0x10000004
SIGTERM: [libjvm.so+0x7c3410], sa_mask[0]=0x7ffbfeff, sa_flags=0x10000004
SIGQUIT: [libjvm.so+0x7c3410], sa_mask[0]=0x7ffbfeff, sa_flags=0x10000004
SIGTRAP: SIG_DFL, sa_mask[0]=0x00000000, sa_flags=0x00000000


---------------  S Y S T E M  ---------------

OS:Ubuntu 14.04 (trusty)
uname:Linux 3.16.0-33-generic #44~14.04.1-Ubuntu SMP Fri Mar 13 10:33:29 UTC 2015 x86_64
libc:glibc 2.19 NPTL 2.19 
rlimit: STACK 8192k, CORE 0k, NPROC 15117, NOFILE 4096, AS infinity
load average:9.79 3.73 1.65

/proc/meminfo:
MemTotal:        3891524 kB
MemFree:          107316 kB
MemAvailable:      68176 kB
Buffers:            2296 kB
Cached:           230460 kB
SwapCached:         5520 kB
Active:          2702012 kB
Inactive:         902424 kB
Active(anon):    2687468 kB
Inactive(anon):   856988 kB
Active(file):      14544 kB
Inactive(file):    45436 kB
Unevictable:          32 kB
Mlocked:              32 kB
SwapTotal:        621564 kB
SwapFree:              4 kB
Dirty:              3576 kB
Writeback:            12 kB
AnonPages:       3367808 kB
Mapped:           100832 kB
Shmem:            172284 kB
Slab:              68016 kB
SReclaimable:      30680 kB
SUnreclaim:        37336 kB
KernelStack:       11424 kB
PageTables:        48404 kB
NFS_Unstable:          0 kB
Bounce:                0 kB
WritebackTmp:          0 kB
CommitLimit:     2567324 kB
Committed_AS:    8892204 kB
VmallocTotal:   34359738367 kB
VmallocUsed:      347980 kB
VmallocChunk:   34359327268 kB
HardwareCorrupted:     0 kB
AnonHugePages:   1284096 kB
HugePages_Total:       0
HugePages_Free:        0
HugePages_Rsvd:        0
HugePages_Surp:        0
Hugepagesize:       2048 kB
DirectMap4k:      116532 kB
DirectMap2M:     3921920 kB


CPU:total 4 (2 cores per cpu, 2 threads per core) family 6 model 58 stepping 9, cmov, cx8, fxsr, mmx, sse, sse2, sse3, ssse3, sse4.1, sse4.2, popcnt, avx, aes, erms, ht, tsc, tscinvbit, tscinv

/proc/cpuinfo:
processor	: 0
vendor_id	: GenuineIntel
cpu family	: 6
model		: 58
model name	: Intel(R) Core(TM) i5-3210M CPU @ 2.50GHz
stepping	: 9
microcode	: 0x12
cpu MHz		: 1253.027
cache size	: 3072 KB
physical id	: 0
siblings	: 4
core id		: 0
cpu cores	: 2
apicid		: 0
initial apicid	: 0
fpu		: yes
fpu_exception	: yes
cpuid level	: 13
wp		: yes
flags		: fpu vme de pse tsc msr pae mce cx8 apic sep mtrr pge mca cmov pat pse36 clflush dts acpi mmx fxsr sse sse2 ss ht tm pbe syscall nx rdtscp lm constant_tsc arch_perfmon pebs bts rep_good nopl xtopology nonstop_tsc aperfmperf eagerfpu pni pclmulqdq dtes64 monitor ds_cpl vmx est tm2 ssse3 cx16 xtpr pdcm pcid sse4_1 sse4_2 x2apic popcnt tsc_deadline_timer aes xsave avx f16c rdrand lahf_lm ida arat epb xsaveopt pln pts dtherm tpr_shadow vnmi flexpriority ept vpid fsgsbase smep erms
bogomips	: 4989.06
clflush size	: 64
cache_alignment	: 64
address sizes	: 36 bits physical, 48 bits virtual
power management:

processor	: 1
vendor_id	: GenuineIntel
cpu family	: 6
model		: 58
model name	: Intel(R) Core(TM) i5-3210M CPU @ 2.50GHz
stepping	: 9
microcode	: 0x12
cpu MHz		: 1298.828
cache size	: 3072 KB
physical id	: 0
siblings	: 4
core id		: 0
cpu cores	: 2
apicid		: 1
initial apicid	: 1
fpu		: yes
fpu_exception	: yes
cpuid level	: 13
wp		: yes
flags		: fpu vme de pse tsc msr pae mce cx8 apic sep mtrr pge mca cmov pat pse36 clflush dts acpi mmx fxsr sse sse2 ss ht tm pbe syscall nx rdtscp lm constant_tsc arch_perfmon pebs bts rep_good nopl xtopology nonstop_tsc aperfmperf eagerfpu pni pclmulqdq dtes64 monitor ds_cpl vmx est tm2 ssse3 cx16 xtpr pdcm pcid sse4_1 sse4_2 x2apic popcnt tsc_deadline_timer aes xsave avx f16c rdrand lahf_lm ida arat epb xsaveopt pln pts dtherm tpr_shadow vnmi flexpriority ept vpid fsgsbase smep erms
bogomips	: 4989.06
clflush size	: 64
cache_alignment	: 64
address sizes	: 36 bits physical, 48 bits virtual
power management:

processor	: 2
vendor_id	: GenuineIntel
cpu family	: 6
model		: 58
model name	: Intel(R) Core(TM) i5-3210M CPU @ 2.50GHz
stepping	: 9
microcode	: 0x12
cpu MHz		: 1204.296
cache size	: 3072 KB
physical id	: 0
siblings	: 4
core id		: 1
cpu cores	: 2
apicid		: 2
initial apicid	: 2
fpu		: yes
fpu_exception	: yes
cpuid level	: 13
wp		: yes
flags		: fpu vme de pse tsc msr pae mce cx8 apic sep mtrr pge mca cmov pat pse36 clflush dts acpi mmx fxsr sse sse2 ss ht tm pbe syscall nx rdtscp lm constant_tsc arch_perfmon pebs bts rep_good nopl xtopology nonstop_tsc aperfmperf eagerfpu pni pclmulqdq dtes64 monitor ds_cpl vmx est tm2 ssse3 cx16 xtpr pdcm pcid sse4_1 sse4_2 x2apic popcnt tsc_deadline_timer aes xsave avx f16c rdrand lahf_lm ida arat epb xsaveopt pln pts dtherm tpr_shadow vnmi flexpriority ept vpid fsgsbase smep erms
bogomips	: 4989.06
clflush size	: 64
cache_alignment	: 64
address sizes	: 36 bits physical, 48 bits virtual
power management:

processor	: 3
vendor_id	: GenuineIntel
cpu family	: 6
model		: 58
model name	: Intel(R) Core(TM) i5-3210M CPU @ 2.50GHz
stepping	: 9
microcode	: 0x12
cpu MHz		: 1210.644
cache size	: 3072 KB
physical id	: 0
siblings	: 4
core id		: 1
cpu cores	: 2
apicid		: 3
initial apicid	: 3
fpu		: yes
fpu_exception	: yes
cpuid level	: 13
wp		: yes
flags		: fpu vme de pse tsc msr pae mce cx8 apic sep mtrr pge mca cmov pat pse36 clflush dts acpi mmx fxsr sse sse2 ss ht tm pbe syscall nx rdtscp lm constant_tsc arch_perfmon pebs bts rep_good nopl xtopology nonstop_tsc aperfmperf eagerfpu pni pclmulqdq dtes64 monitor ds_cpl vmx est tm2 ssse3 cx16 xtpr pdcm pcid sse4_1 sse4_2 x2apic popcnt tsc_deadline_timer aes xsave avx f16c rdrand lahf_lm ida arat epb xsaveopt pln pts dtherm tpr_shadow vnmi flexpriority ept vpid fsgsbase smep erms
bogomips	: 4989.06
clflush size	: 64
cache_alignment	: 64
address sizes	: 36 bits physical, 48 bits virtual
power management:



Memory: 4k page, physical 3891524k(107316k free), swap 621564k(4k free)

vm_info: OpenJDK 64-Bit Server VM (24.75-b04) for linux-amd64 JRE (1.7.0_75-b13), built on Jan 27 2015 00:38:59 by "buildd" with gcc 4.8.2

time: Sat May  9 23:20:39 2015
elapsed time: 142 seconds

